(srs2) C:\dropbox\phD\sequence-based-recommendations>python -d train.py -d ./ -m RNN --r_t GRU --loss hinge --repeated_interactions --es_m StopAfterN --es_n 5
Using cuDNN version 7605 on context None
Mapped name None to device cuda: GeForce RTX 2080 SUPER (0000:09:00.0)
Compiling train...
WARNING (theano.gof.compilelock): Overriding existing lock by dead process '9676' (I am process '5184')
WARNING (theano.gof.compilelock): Overriding existing lock by dead process '9676' (I am process '5184')
WARNING (theano.gof.compilelock): Overriding existing lock by dead process '9676' (I am process '5184')
Compilation done.
Compiling test...
Compilation done.
Opening file (1)
Opening file (1)
2020-11-19 15:53:04.155000 RNN multi-targets 2 batchs,  0.000533475593492  epochs in 1.34500002861 s
Last train cost :  1.0377265
recall :  0.0763804045944
sps :  0.0806451612903
Best  sps :  0.08064516129032258
blockbuster_share :  0.0
item_coverage :  65
ndcg :  0.06704444545959254
user_coverage :  0.410138248848
-----------------
2 0.000533475593492 1.35000014305 1.0377265 0.0763804045944 0.0806451612903 0.0 65 0.06704444545959254 0.410138248848
Save model in ./models/rnn_multitarget_hinge_b1.0_ml30_bs16_ne0.001_GRU_gc100_h50_Ua_lr0.001_b10.9_b20.999_nt1_ri_nf
Opening file (1)
2020-11-19 15:53:04.972000 RNN multi-targets 4 batchs,  0.00133368898373  epochs in 2.16199994087 s
Last train cost :  1.0227902
recall :  0.0764189518578
sps :  0.0760368663594
Best  sps :  0.08064516129032258
blockbuster_share :  0.0
item_coverage :  67
ndcg :  0.06982919641678235
user_coverage :  0.421658986175
-----------------
4 0.00133368898373 2.16700005531 1.0227902 0.0764189518578 0.0760368663594 0.0 67 0.06982919641678235 0.421658986175
Opening file (1)
2020-11-19 15:53:05.806000 RNN multi-targets 8 batchs,  0.00400106695119  epochs in 2.9960000515 s
Last train cost :  1.0079802
recall :  0.0849043860344
sps :  0.0875576036866
Best  sps :  0.08755760368663594
blockbuster_share :  0.00347222222222
item_coverage :  69
ndcg :  0.07928545137895236
user_coverage :  0.447004608295
-----------------
8 0.00400106695119 3.00100016594 1.0079802 0.0849043860344 0.0875576036866 0.00347222222222 69 0.07928545137895236 0.447004608295
Save model in ./models/rnn_multitarget_hinge_b1.0_ml30_bs16_ne0.004_GRU_gc100_h50_Ua_lr0.001_b10.9_b20.999_nt1_ri_nf
Opening file (1)
2020-11-19 15:53:06.684000 RNN multi-targets 16 batchs,  0.00746865830888  epochs in 3.87400007248 s
Last train cost :  1.0148754
recall :  0.106910671442
sps :  0.145161290323
Best  sps :  0.14516129032258066
blockbuster_share :  0.00537634408602
item_coverage :  63
ndcg :  0.1027392088544109
user_coverage :  0.497695852535
-----------------
16 0.00746865830888 3.8789999485 1.0148754 0.106910671442 0.145161290323 0.00537634408602 63 0.1027392088544109 0.497695852535
Save model in ./models/rnn_multitarget_hinge_b1.0_ml30_bs16_ne0.007_GRU_gc100_h50_Ua_lr0.001_b10.9_b20.999_nt1_ri_nf
Opening file (1)
2020-11-19 15:53:07.647000 RNN multi-targets 32 batchs,  0.0144038410243  epochs in 4.83700013161 s
Last train cost :  1.0021873
recall :  0.146586010711
sps :  0.188940092166
Best  sps :  0.1889400921658986
blockbuster_share :  0.0117647058824
item_coverage :  47
ndcg :  0.14457701062460332
user_coverage :  0.552995391705
-----------------
32 0.0144038410243 4.84200000763 1.0021873 0.146586010711 0.188940092166 0.0117647058824 47 0.14457701062460332 0.552995391705
Save model in ./models/rnn_multitarget_hinge_b1.0_ml30_bs16_ne0.014_GRU_gc100_h50_Ua_lr0.001_b10.9_b20.999_nt1_ri_nf
Opening file (1)
2020-11-19 15:53:08.778000 RNN multi-targets 64 batchs,  0.0248066150974  epochs in 5.96800017357 s
Last train cost :  0.95693195
recall :  0.213513474794
sps :  0.274193548387
Best  sps :  0.27419354838709675
blockbuster_share :  0.0298953662182
item_coverage :  27
ndcg :  0.19859446302518732
user_coverage :  0.617511520737
-----------------
64 0.0248066150974 5.97399997711 0.95693195 0.213513474794 0.274193548387 0.0298953662182 27 0.19859446302518732 0.617511520737
Save model in ./models/rnn_multitarget_hinge_b1.0_ml30_bs16_ne0.025_GRU_gc100_h50_Ua_lr0.001_b10.9_b20.999_nt1_ri_nf
Opening file (1)
2020-11-19 15:53:10.251000 RNN multi-targets 128 batchs,  0.0474793278208  epochs in 7.44099998474 s
Last train cost :  0.73522234
recall :  0.232305308017
sps :  0.304147465438
Best  sps :  0.30414746543778803
blockbuster_share :  0.0573476702509
item_coverage :  21
ndcg :  0.20031445183751448
user_coverage :  0.619815668203
-----------------
128 0.0474793278208 7.44600009918 0.73522234 0.232305308017 0.304147465438 0.0573476702509 21 0.20031445183751448 0.619815668203
Save model in ./models/rnn_multitarget_hinge_b1.0_ml30_bs16_ne0.047_GRU_gc100_h50_Ua_lr0.001_b10.9_b20.999_nt1_ri_nf
Opening file (1)
2020-11-19 15:53:12.359000 RNN multi-targets 256 batchs,  0.0992264603894  epochs in 9.5490000248 s
Last train cost :  0.54787743
recall :  0.311161233047
sps :  0.36866359447
Best  sps :  0.3686635944700461
blockbuster_share :  0.0334378265413
item_coverage :  31
ndcg :  0.33340944478285395
user_coverage :  0.702764976959
-----------------
256 0.0992264603894 9.55400013924 0.54787743 0.311161233047 0.36866359447 0.0334378265413 31 0.33340944478285395 0.702764976959
Save model in ./models/rnn_multitarget_hinge_b1.0_ml30_bs16_ne0.099_GRU_gc100_h50_Ua_lr0.001_b10.9_b20.999_nt1_ri_nf
Opening file (1)
2020-11-19 15:53:15.840000 RNN multi-targets 512 batchs,  0.198986396372  epochs in 13.0299999714 s
Last train cost :  0.46773738
recall :  0.313629787015
sps :  0.5
Best  sps :  0.5
blockbuster_share :  0.037558685446
item_coverage :  41
ndcg :  0.29365525436868556
user_coverage :  0.767281105991
-----------------
512 0.198986396372 13.0360000134 0.46773738 0.313629787015 0.5 0.037558685446 41 0.29365525436868556 0.767281105991
Save model in ./models/rnn_multitarget_hinge_b1.0_ml30_bs16_ne0.199_GRU_gc100_h50_Ua_lr0.001_b10.9_b20.999_nt1_ri_nf
Opening file (1)
2020-11-19 15:53:21.912000 RNN multi-targets 1024 batchs,  0.42784742598  epochs in 19.1019999981 s
Last train cost :  0.358073
recall :  0.405227231693
sps :  0.587557603687
Best  sps :  0.5875576036866359
blockbuster_share :  0.0279965004374
item_coverage :  58
ndcg :  0.37373301951191207
user_coverage :  0.806451612903
-----------------
1024 0.42784742598 19.1100001335 0.358073 0.405227231693 0.587557603687 0.0279965004374 58 0.37373301951191207 0.806451612903
Save model in ./models/rnn_multitarget_hinge_b1.0_ml30_bs16_ne0.428_GRU_gc100_h50_Ua_lr0.001_b10.9_b20.999_nt1_ri_nf
Opening file (2)
Opening file (1)
2020-11-19 15:53:33.025000 RNN multi-targets 2048 batchs,  1.09975993598  epochs in 30.2150001526 s
Last train cost :  0.2889458
recall :  0.496899325562
sps :  0.6866359447
Best  sps :  0.6866359447004609
blockbuster_share :  0.024864024864
item_coverage :  69
ndcg :  0.4362201666994474
user_coverage :  0.880184331797
-----------------
2048 1.09975993598 30.2200000286 0.2889458 0.496899325562 0.6866359447 0.024864024864 69 0.4362201666994474 0.880184331797
Save model in ./models/rnn_multitarget_hinge_b1.0_ml30_bs16_ne1.1_GRU_gc100_h50_Ua_lr0.001_b10.9_b20.999_nt1_ri_nf
Opening file (3)
Opening file (1)
2020-11-19 15:53:54.794000 RNN multi-targets 4096 batchs,  2.20005334756  epochs in 51.9839999676 s
Last train cost :  0.2572257
recall :  0.528926065125
sps :  0.741935483871
Best  sps :  0.7419354838709677
blockbuster_share :  0.025137470542
item_coverage :  77
ndcg :  0.4356323679213395
user_coverage :  0.940092165899
-----------------
4096 2.20005334756 51.989000082 0.2572257 0.528926065125 0.741935483871 0.025137470542 77 0.4356323679213395 0.940092165899
Save model in ./models/rnn_multitarget_hinge_b1.0_ml30_bs16_ne2.2_GRU_gc100_h50_Ua_lr0.001_b10.9_b20.999_nt1_ri_nf
Opening file (4)
Opening file (5)
Opening file (1)
2020-11-19 15:54:37.713000 RNN multi-targets 8192 batchs,  4.43104827954  epochs in 94.9030001163 s
Last train cost :  0.23307027
recall :  0.569030065594
sps :  0.769585253456
Best  sps :  0.7695852534562212
blockbuster_share :  0.0226468506723
item_coverage :  85
ndcg :  0.5045962146725754
user_coverage :  0.942396313364
-----------------
8192 4.43104827954 94.9190001488 0.23307027 0.569030065594 0.769585253456 0.0226468506723 85 0.5045962146725754 0.942396313364
Save model in ./models/rnn_multitarget_hinge_b1.0_ml30_bs16_ne4.431_GRU_gc100_h50_Ua_lr0.001_b10.9_b20.999_nt1_ri_nf
Opening file (6)
Opening file (7)
Opening file (8)
Opening file (9)
Opening file (10)
Opening file (1)
2020-11-19 15:56:06.620000 RNN multi-targets 16384 batchs,  9.10402774073  epochs in 183.809999943 s
Last train cost :  0.20739707
recall :  0.570113036379
sps :  0.799539170507
Best  sps :  0.7995391705069125
blockbuster_share :  0.0226789510985
item_coverage :  87
ndcg :  0.5104381126702335
user_coverage :  0.942396313364
-----------------
16384 9.10402774073 183.809999943 0.20739707 0.570113036379 0.799539170507 0.0226789510985 87 0.5104381126702335 0.942396313364
Save model in ./models/rnn_multitarget_hinge_b1.0_ml30_bs16_ne9.104_GRU_gc100_h50_Ua_lr0.001_b10.9_b20.999_nt1_ri_nf
Opening file (11)
Opening file (12)
Opening file (13)
Opening file (14)
Opening file (15)
Opening file (16)
Opening file (17)
Opening file (18)
Opening file (19)
Opening file (1)
2020-11-19 15:58:55.104000 RNN multi-targets 32768 batchs,  18.2088556949  epochs in 352.294000149 s
Last train cost :  0.18450189
recall :  0.57174522264
sps :  0.797235023041
Best  sps :  0.7995391705069125
blockbuster_share :  0.0213204951857
item_coverage :  89
ndcg :  0.5118495256074641
user_coverage :  0.937788018433
-----------------
32768 18.2088556949 352.294000149 0.18450189 0.57174522264 0.797235023041 0.0213204951857 89 0.5118495256074641 0.937788018433
Opening file (20)
Opening file (21)
Opening file (22)
Opening file (23)
Opening file (24)
Opening file (25)
Opening file (26)
Opening file (27)
Opening file (28)
Opening file (29)
Opening file (30)
Opening file (31)
Opening file (32)
Opening file (33)
Opening file (34)
Opening file (35)
Opening file (36)
Opening file (37)
Opening file (1)
2020-11-19 16:04:30.823000 RNN multi-targets 65536 batchs,  36.4451853828  epochs in 688.013000011 s
Last train cost :  0.16186538
recall :  0.580601835817
sps :  0.804147465438
Best  sps :  0.804147465437788
blockbuster_share :  0.0214621059691
item_coverage :  94
ndcg :  0.5377674288307807
user_coverage :  0.942396313364
-----------------
65536 36.4451853828 688.028000116 0.16186538 0.580601835817 0.804147465438 0.0214621059691 94 0.5377674288307807 0.942396313364
Save model in ./models/rnn_multitarget_hinge_b1.0_ml30_bs16_ne36.445_GRU_gc100_h50_Ua_lr0.001_b10.9_b20.999_nt1_ri_nf
Opening file (38)
Opening file (39)
Opening file (40)
Opening file (41)
Opening file (42)
Opening file (43)
Opening file (44)
Opening file (45)
Opening file (46)
Opening file (47)
Opening file (48)
Opening file (49)
Opening file (50)
Opening file (51)
Opening file (52)
Opening file (53)
Opening file (54)
Opening file (55)
Opening file (56)
Opening file (57)
Opening file (58)
Opening file (59)
Opening file (60)
Opening file (61)
Opening file (62)
Opening file (63)
Opening file (64)
Opening file (65)
Opening file (66)
Opening file (67)
Opening file (68)
Opening file (69)
Opening file (70)
Opening file (71)
Opening file (72)
Opening file (73)
Opening file (74)
Opening file (1)
2020-11-19 16:15:40.838000 RNN multi-targets 131072 batchs,  73.1307015204  epochs in 1358.02800012 s
Last train cost :  0.1410222
recall :  0.544077267158
sps :  0.764976958525
Best  sps :  0.804147465437788
blockbuster_share :  0.0225352112676
item_coverage :  93
ndcg :  0.5144949130016465
user_coverage :  0.907834101382
-----------------
131072 73.1307015204 1358.02800012 0.1410222 0.544077267158 0.764976958525 0.0225352112676 93 0.5144949130016465 0.907834101382
Opening file (75)
Opening file (76)
Opening file (77)
Opening file (78)
Opening file (79)
Opening file (80)
Opening file (81)
Opening file (82)
Opening file (83)
Opening file (84)
Opening file (85)
Opening file (86)
Opening file (87)
Opening file (88)
Opening file (89)
Opening file (90)
Opening file (91)
Opening file (92)
Opening file (93)
Opening file (94)
Opening file (95)
Opening file (96)
Opening file (97)
Opening file (98)
Opening file (99)
Opening file (100)
Opening file (101)
Opening file (102)
Opening file (103)
Opening file (104)
Opening file (105)
Opening file (106)
Opening file (107)
Opening file (108)
Opening file (109)
Opening file (110)
Opening file (111)
Opening file (112)
Opening file (113)
Opening file (114)
Opening file (115)
Opening file (116)
Opening file (117)
Opening file (118)
Opening file (119)
Opening file (120)
Opening file (121)
Opening file (122)
Opening file (123)
Opening file (124)
Opening file (125)
Opening file (126)
Opening file (127)
Opening file (128)
Opening file (129)
Opening file (130)
Opening file (131)
Opening file (132)
Opening file (133)
Opening file (134)
Opening file (135)
Opening file (136)
Opening file (137)
Opening file (138)
Opening file (139)
Opening file (140)
Opening file (141)
Opening file (142)
Opening file (143)
Opening file (144)
Opening file (145)
Opening file (146)
Opening file (147)
Opening file (1)
2020-11-19 16:38:02.274000 RNN multi-targets 262144 batchs,  146.264870632  epochs in 2699.46399999 s
Last train cost :  0.12368699
recall :  0.567012668666
sps :  0.804147465438
Best  sps :  0.804147465437788
blockbuster_share :  0.0220233998624
item_coverage :  94
ndcg :  0.5267956960142001
user_coverage :  0.930875576037
-----------------
262144 146.264870632 2699.46399999 0.12368699 0.567012668666 0.804147465438 0.0220233998624 94 0.5267956960142001 0.930875576037
Save model in ./models/rnn_multitarget_hinge_b1.0_ml30_bs16_ne146.265_GRU_gc100_h50_Ua_lr0.001_b10.9_b20.999_nt1_ri_nf
Opening file (148)
Opening file (149)
Opening file (150)
Opening file (151)
Opening file (152)
Opening file (153)
Opening file (154)
Opening file (155)
Opening file (156)
Opening file (157)
Opening file (158)
Opening file (159)
Opening file (160)
Opening file (161)
Opening file (162)
Opening file (163)
Opening file (164)
Opening file (165)
Opening file (166)
Opening file (167)
Opening file (168)
Opening file (169)
Opening file (170)
Opening file (171)
Opening file (172)
Opening file (173)
Opening file (174)
Opening file (175)
Opening file (176)
Opening file (177)
Opening file (178)
Opening file (179)
Opening file (180)
Opening file (181)
Opening file (182)
Opening file (183)
Opening file (184)
Opening file (185)
Opening file (186)
Opening file (187)
Opening file (188)
Opening file (189)
Opening file (190)
Opening file (191)
Opening file (192)
Opening file (193)
Opening file (194)
Opening file (195)
Opening file (196)
Opening file (197)
Opening file (198)
Opening file (199)
Opening file (200)
Opening file (201)
Opening file (202)
Opening file (203)
Opening file (204)
Opening file (205)
Opening file (206)
Opening file (207)
Opening file (208)
Opening file (209)
Opening file (210)
Opening file (211)
Opening file (212)
Opening file (213)
Opening file (214)
Opening file (215)
Opening file (216)
Opening file (217)
Opening file (218)
Opening file (219)
Opening file (220)
Opening file (221)
Opening file (222)
Opening file (223)
Opening file (224)
Opening file (225)
Opening file (226)
Opening file (227)
Opening file (228)
Opening file (229)
Opening file (230)
Opening file (231)
Opening file (232)
Opening file (233)
Opening file (234)
Opening file (235)
Opening file (236)
Opening file (237)
Opening file (238)
Opening file (239)
Opening file (240)
Opening file (241)
Opening file (242)
Opening file (243)
Opening file (244)
Opening file (245)
Opening file (246)
Opening file (247)
Opening file (248)
Opening file (249)
Opening file (250)
Opening file (251)
Opening file (252)
Opening file (253)
Opening file (254)
Opening file (255)
Opening file (256)
Opening file (257)
Opening file (258)
Opening file (259)
Opening file (260)
Opening file (261)
Opening file (262)
Opening file (263)
Opening file (264)
Opening file (265)
Opening file (266)
Opening file (267)
Opening file (268)
Opening file (269)
Opening file (270)
Opening file (271)
Opening file (272)
Opening file (273)
Opening file (274)
Opening file (275)
Opening file (276)
Opening file (277)
Opening file (278)
Opening file (279)
Opening file (280)
Opening file (281)
Opening file (282)
Opening file (283)
Opening file (284)
Opening file (285)
Opening file (286)
Opening file (287)
Opening file (288)
Opening file (289)
Opening file (290)
Opening file (291)
Opening file (292)
Opening file (293)
Opening file (1)
2020-11-19 17:22:33.909000 RNN multi-targets 524288 batchs,  292.583889037  epochs in 5371.09899998 s
Last train cost :  0.11136832
recall :  0.547119761319
sps :  0.774193548387
Best  sps :  0.804147465437788
blockbuster_share :  0.0222222222222
item_coverage :  92
ndcg :  0.508958077073639
user_coverage :  0.905529953917
-----------------
524288 292.583889037 5371.11400008 0.11136832 0.547119761319 0.774193548387 0.0222222222222 92 0.508958077073639 0.905529953917
Opening file (294)
Opening file (295)
Opening file (296)
Opening file (297)
Opening file (298)
Opening file (299)
Opening file (300)
Opening file (301)
Opening file (302)
Opening file (303)
Opening file (304)
Opening file (305)
Opening file (306)
Opening file (307)
Opening file (308)
Opening file (309)
Opening file (310)
Opening file (311)
Opening file (312)
Opening file (313)
Opening file (314)
Opening file (315)
Opening file (316)
Opening file (317)
Opening file (318)
Opening file (319)
Opening file (320)
Opening file (321)
Opening file (322)
Opening file (323)
Opening file (324)
Opening file (325)
Opening file (326)
Opening file (327)
Opening file (328)
Opening file (329)
Opening file (330)
Opening file (331)
Opening file (332)
Opening file (333)
Opening file (334)
Opening file (335)
Opening file (336)
Opening file (337)
Opening file (338)
Opening file (339)
Opening file (340)
Opening file (341)
Opening file (342)
Opening file (343)
Opening file (344)
Opening file (345)
Opening file (346)
Opening file (347)
Opening file (348)
Opening file (349)
Opening file (350)
Opening file (351)
Opening file (352)
Opening file (353)
Opening file (354)
Opening file (355)
Opening file (356)
Opening file (357)
Opening file (358)
Opening file (359)
Opening file (360)
Opening file (361)
Opening file (362)
Opening file (363)
Opening file (364)
Opening file (365)
Opening file (366)
Opening file (367)
Opening file (368)
Opening file (369)
Opening file (370)
Opening file (371)
Opening file (372)
Opening file (373)
Opening file (374)
Opening file (375)
Opening file (376)
Opening file (377)
Opening file (378)
Opening file (379)
Opening file (380)
Opening file (381)
Opening file (382)
Opening file (383)
Opening file (384)
Opening file (385)
Opening file (386)
Opening file (387)
Opening file (388)
Opening file (389)
Opening file (390)
Opening file (391)
Opening file (392)
Opening file (393)
Opening file (394)
Opening file (395)
Opening file (396)
Opening file (397)
Opening file (398)
Opening file (399)
Opening file (400)
Opening file (401)
Opening file (402)
Opening file (403)
Opening file (404)
Opening file (405)
Opening file (406)
Opening file (407)
Opening file (408)
Opening file (409)
Opening file (410)
Opening file (411)
Opening file (412)
Opening file (413)
Opening file (414)
Opening file (415)
Opening file (416)
Opening file (417)
Opening file (418)
Opening file (419)
Opening file (420)
Opening file (421)
Opening file (422)
Opening file (423)
Opening file (424)
Opening file (425)
Opening file (426)
Opening file (427)
Opening file (428)
Opening file (429)
Opening file (430)
Opening file (431)
Opening file (432)
Opening file (433)
Opening file (434)
Opening file (435)
Opening file (436)
Opening file (437)
Opening file (438)
Opening file (439)
Opening file (440)
Opening file (441)
Opening file (442)
Opening file (443)
Opening file (444)
Opening file (445)
Opening file (446)
Opening file (447)
Opening file (448)
Opening file (449)
Opening file (450)
Opening file (451)
Opening file (452)
Opening file (453)
Opening file (454)
Opening file (455)
Opening file (456)
Opening file (457)
Opening file (458)
Opening file (459)
Opening file (460)
Opening file (461)
Opening file (462)
Opening file (463)
Opening file (464)
Opening file (465)
Opening file (466)
Opening file (467)
Opening file (468)
Opening file (469)
Opening file (470)
Opening file (471)
Opening file (472)
Opening file (473)
Opening file (474)
Opening file (475)
Opening file (476)
Opening file (477)
Opening file (478)
Opening file (479)
Opening file (480)
Opening file (481)
Opening file (482)
Opening file (483)
Opening file (484)
Opening file (485)
Opening file (486)
Opening file (487)
Opening file (488)
Opening file (489)
Opening file (490)
Opening file (491)
Opening file (492)
Opening file (493)
Opening file (494)
Opening file (495)
Opening file (496)
Opening file (497)
Opening file (498)
Opening file (499)
Opening file (500)
Opening file (501)
Opening file (502)
Opening file (503)
Opening file (504)
Opening file (505)
Opening file (506)
Opening file (507)
Opening file (508)
Opening file (509)
Opening file (510)
Opening file (511)
Opening file (512)
Opening file (513)
Opening file (514)
Opening file (515)
Opening file (516)
Opening file (517)
Opening file (518)
Opening file (519)
Opening file (520)
Opening file (521)
Opening file (522)
Opening file (523)
Opening file (524)
Opening file (525)
Opening file (526)
Opening file (527)
Opening file (528)
Opening file (529)
Opening file (530)
Opening file (531)
Opening file (532)
Opening file (533)
Opening file (534)
Opening file (535)
Opening file (536)
Opening file (537)
Opening file (538)
Opening file (539)
Opening file (540)
Opening file (541)
Opening file (542)
Opening file (543)
Opening file (544)
Opening file (545)
Opening file (546)
Opening file (547)
Opening file (548)
Opening file (549)
Opening file (550)
Opening file (551)
Opening file (552)
Opening file (553)
Opening file (554)
Opening file (555)
Opening file (556)
Opening file (557)
Opening file (558)
Opening file (559)
Opening file (560)
Opening file (561)
Opening file (562)
Opening file (563)
Opening file (564)
Opening file (565)
Opening file (566)
Opening file (567)
Opening file (568)
Opening file (569)
Opening file (570)
Opening file (571)
Opening file (572)
Opening file (573)
Opening file (574)
Opening file (575)
Opening file (576)
Opening file (577)
Opening file (578)
Opening file (579)
Opening file (580)
Opening file (581)
Opening file (582)
Opening file (583)
Opening file (584)
Opening file (585)
Opening file (586)
Opening file (1)
2020-11-19 18:46:51.931000 RNN multi-targets 1048576 batchs,  585.345692185  epochs in 10429.1210001 s
Last train cost :  0.10370182
recall :  0.531977918809
sps :  0.758064516129
Best  sps :  0.804147465437788
blockbuster_share :  0.0228082679971
item_coverage :  88
ndcg :  0.5044691007990532
user_coverage :  0.889400921659
-----------------
1048576 585.345692185 10429.1360002 0.10370182 0.531977918809 0.758064516129 0.0228082679971 88 0.5044691007990532 0.889400921659
Opening file (587)
Opening file (588)
Opening file (589)
Opening file (590)
Opening file (591)
Opening file (592)
Opening file (593)
Opening file (594)
Opening file (595)
Opening file (596)
Opening file (597)
Opening file (598)
Opening file (599)
Opening file (600)
Opening file (601)
Opening file (602)
Opening file (603)
Opening file (604)
Opening file (605)
Opening file (606)
Opening file (607)
Opening file (608)
Opening file (609)
Opening file (610)
Opening file (611)
Opening file (612)
Opening file (613)
Opening file (614)
Opening file (615)
Opening file (616)
Opening file (617)
Opening file (618)
Opening file (619)
Opening file (620)
Opening file (621)
Opening file (622)
Opening file (623)
Opening file (624)
Opening file (625)
Opening file (626)
Opening file (627)
Opening file (628)
Opening file (629)
Opening file (630)
Opening file (631)
Opening file (632)
Opening file (633)
Opening file (634)
Opening file (635)
Opening file (636)
Opening file (637)
Opening file (638)
Opening file (639)
Opening file (640)
Opening file (641)
Opening file (642)
Opening file (643)
Opening file (644)
Opening file (645)
Opening file (646)
Opening file (647)
Opening file (648)
Opening file (649)
Opening file (650)
Opening file (651)
Opening file (652)
Opening file (653)
Opening file (654)
Opening file (655)
Opening file (656)
Opening file (657)
Opening file (658)
Opening file (659)
Opening file (660)
Opening file (661)
Opening file (662)
Opening file (663)
Opening file (664)
Opening file (665)
Opening file (666)
Opening file (667)
Opening file (668)
Opening file (669)
Opening file (670)
Opening file (671)
Opening file (672)
Opening file (673)
Opening file (674)
Opening file (675)
Opening file (676)
Opening file (677)
Opening file (678)
Opening file (679)
Opening file (680)
Opening file (681)
Opening file (682)
Opening file (683)
Opening file (684)
Opening file (685)
Opening file (686)
Opening file (687)
Opening file (688)
Opening file (689)
Opening file (690)
Opening file (691)
Opening file (692)
Opening file (693)
Opening file (694)
Opening file (695)
Opening file (696)
Opening file (697)
Opening file (698)
Opening file (699)
Opening file (700)
Opening file (701)
Opening file (702)
Opening file (703)
Opening file (704)
Opening file (705)
Opening file (706)
Opening file (707)
Opening file (708)
Opening file (709)
Opening file (710)
Opening file (711)
Opening file (712)
Opening file (713)
Opening file (714)
Opening file (715)
Opening file (716)
Opening file (717)
Opening file (718)
Opening file (719)
Opening file (720)
Opening file (721)
Opening file (722)
Opening file (723)
Opening file (724)
Opening file (725)
Opening file (726)
Opening file (727)
Opening file (728)
Opening file (729)
Opening file (730)
Opening file (731)
Opening file (732)
Opening file (733)
Opening file (734)
Opening file (735)
Opening file (736)
Opening file (737)
Opening file (738)
Opening file (739)
Opening file (740)
Opening file (741)
Opening file (742)
Opening file (743)
Opening file (744)
Opening file (745)
Opening file (746)
Opening file (747)
Opening file (748)
Opening file (749)
Opening file (750)
Opening file (751)
Opening file (752)
Opening file (753)
Opening file (754)
Opening file (755)
Opening file (756)
Opening file (757)
Opening file (758)
Opening file (759)
Opening file (760)
Opening file (761)
Opening file (762)
Opening file (763)
Opening file (764)
Opening file (765)
Opening file (766)
Opening file (767)
Opening file (768)
Opening file (769)
Opening file (770)
Opening file (771)
Opening file (772)
Opening file (773)
Opening file (774)
Opening file (775)
Opening file (776)
Opening file (777)
Opening file (778)
Opening file (779)
Opening file (780)
Opening file (781)
Opening file (782)
Opening file (783)
Opening file (784)
Opening file (785)
Opening file (786)
Opening file (787)
Opening file (788)
Opening file (789)
Opening file (790)
Opening file (791)
Opening file (792)
Opening file (793)
Opening file (794)
Opening file (795)
Opening file (796)
Opening file (797)
Opening file (798)
Opening file (799)
Opening file (800)
Opening file (801)
Opening file (802)
Opening file (803)
Opening file (804)
Opening file (805)
Opening file (806)
Opening file (807)
Opening file (808)
Opening file (809)
Opening file (810)
Opening file (811)
Opening file (812)
Opening file (813)
Opening file (814)
Opening file (815)
Opening file (816)
Opening file (817)
Opening file (818)
Opening file (819)
Opening file (820)
Opening file (821)
Opening file (822)
Opening file (823)
Opening file (824)
Opening file (825)
Opening file (826)
Opening file (827)
Opening file (828)
Opening file (829)
Opening file (830)
Opening file (831)
Opening file (832)
Opening file (833)
Opening file (834)
Opening file (835)
Opening file (836)
Opening file (837)
Opening file (838)
Opening file (839)
Opening file (840)
Opening file (841)
Opening file (842)
Opening file (843)
Opening file (844)
Opening file (845)
Opening file (846)
Opening file (847)
Opening file (848)
Opening file (849)
Opening file (850)
Opening file (851)
Opening file (852)
Opening file (853)
Opening file (854)
Opening file (855)
Opening file (856)
Opening file (857)
Opening file (858)
Opening file (859)
Opening file (860)
Opening file (861)
Opening file (862)
Opening file (863)
Opening file (864)
Opening file (865)
Opening file (866)
Opening file (867)
Opening file (868)
Opening file (869)
Opening file (870)
Opening file (871)
Opening file (872)
Opening file (873)
Opening file (874)
Opening file (875)
Opening file (876)
Opening file (877)
Opening file (878)
Opening file (879)
Opening file (880)
Opening file (881)
Opening file (882)
Opening file (883)
Opening file (884)
Opening file (885)
Opening file (886)
Opening file (887)
Opening file (888)
Opening file (889)
Opening file (890)
Opening file (891)
Opening file (892)
Opening file (893)
Opening file (894)
Opening file (895)
Opening file (896)
Opening file (897)
Opening file (898)
Opening file (899)
Opening file (900)
Opening file (901)
Opening file (902)
Opening file (903)
Opening file (904)
Opening file (905)
Opening file (906)
Opening file (907)
Opening file (908)
Opening file (909)
Opening file (910)
Opening file (911)
Opening file (912)
Opening file (913)
Opening file (914)
Opening file (915)
Opening file (916)
Opening file (917)
Opening file (918)
Opening file (919)
Opening file (920)
Opening file (921)
Opening file (922)
Opening file (923)
Opening file (924)
Opening file (925)
Opening file (926)
Opening file (927)
Opening file (928)
Opening file (929)
Opening file (930)
Opening file (931)
Opening file (932)
Opening file (933)
Opening file (934)
Opening file (935)
Opening file (936)
Opening file (937)
Opening file (938)
Opening file (939)
Opening file (940)
Opening file (941)
Opening file (942)
Opening file (943)
Opening file (944)
Opening file (945)
Opening file (946)
Opening file (947)
Opening file (948)
Opening file (949)
Opening file (950)
Opening file (951)
Opening file (952)
Opening file (953)
Opening file (954)
Opening file (955)
Opening file (956)
Opening file (957)
Opening file (958)
Opening file (959)
Opening file (960)
Opening file (961)
Opening file (962)
Opening file (963)
Opening file (964)
Opening file (965)
Opening file (966)
Opening file (967)
Opening file (968)
Opening file (969)
Opening file (970)
Opening file (971)
Opening file (972)
Opening file (973)
Opening file (974)
Opening file (975)
Opening file (976)
Opening file (977)
Opening file (978)
Opening file (979)
Opening file (980)
Opening file (981)
Opening file (982)
Opening file (983)
Opening file (984)
Opening file (985)
Opening file (986)
Opening file (987)
Opening file (988)
Opening file (989)
Opening file (990)
Opening file (991)
Opening file (992)
Opening file (993)
Opening file (994)
Opening file (995)
Opening file (996)
Opening file (997)
Opening file (998)
Opening file (999)
Opening file (1000)
Opening file (1001)
Opening file (1002)
Opening file (1003)
Opening file (1004)
Opening file (1005)
Opening file (1006)
Opening file (1007)
Opening file (1008)
Opening file (1009)
Opening file (1010)
Opening file (1011)
Opening file (1012)
Opening file (1013)
Opening file (1014)
Opening file (1015)
Opening file (1016)
Opening file (1017)
Opening file (1018)
Opening file (1019)
Opening file (1020)
Opening file (1021)
Opening file (1022)
Opening file (1023)
Opening file (1024)
Opening file (1025)
Opening file (1026)
Opening file (1027)
Opening file (1028)
Opening file (1029)
Opening file (1030)
Opening file (1031)
Opening file (1032)
Opening file (1033)
Opening file (1034)
Opening file (1035)
Opening file (1036)
Opening file (1037)
Opening file (1038)
Opening file (1039)
Opening file (1040)
Opening file (1041)
Opening file (1042)
Opening file (1043)
Opening file (1044)
Opening file (1045)
Opening file (1046)
Opening file (1047)
Opening file (1048)
Opening file (1049)
Opening file (1050)
Opening file (1051)
Opening file (1052)
Opening file (1053)
Opening file (1054)
Opening file (1055)
Opening file (1056)
Opening file (1057)
Opening file (1058)
Opening file (1059)
Opening file (1060)
Opening file (1061)
Opening file (1062)
Opening file (1063)
Opening file (1064)
Opening file (1065)
Opening file (1066)
Opening file (1067)
Opening file (1068)
Opening file (1069)
Opening file (1070)
Opening file (1071)
Opening file (1072)
Opening file (1073)
Opening file (1074)
Opening file (1075)
Opening file (1076)
Opening file (1077)
Opening file (1078)
Opening file (1079)
Opening file (1080)
Opening file (1081)
Opening file (1082)
Opening file (1083)
Opening file (1084)
Opening file (1085)
Opening file (1086)
Opening file (1087)
Opening file (1088)
Opening file (1089)
Opening file (1090)
Opening file (1091)
Opening file (1092)
Opening file (1093)
Opening file (1094)
Opening file (1095)
Opening file (1096)
Opening file (1097)
Opening file (1098)
Opening file (1099)
Opening file (1100)
Opening file (1101)
Opening file (1102)
Opening file (1103)
Opening file (1104)
Opening file (1105)
Opening file (1106)
Opening file (1107)
Opening file (1108)
Opening file (1109)
Opening file (1110)
Opening file (1111)
Opening file (1112)
Opening file (1113)
Opening file (1114)
Opening file (1115)
Opening file (1116)
Opening file (1117)
Opening file (1118)
Opening file (1119)
Opening file (1120)
Opening file (1121)
Opening file (1122)
Opening file (1123)
Opening file (1124)
Opening file (1125)
Opening file (1126)
Opening file (1127)
Opening file (1128)
Opening file (1129)
Opening file (1130)
Opening file (1131)
Opening file (1132)
Opening file (1133)
Opening file (1134)
Opening file (1135)
Opening file (1136)
Opening file (1137)
Opening file (1138)
Opening file (1139)
Opening file (1140)
Opening file (1141)
Opening file (1142)
Opening file (1143)
Opening file (1144)
Opening file (1145)
Opening file (1146)
Opening file (1147)
Opening file (1148)
Opening file (1149)
Opening file (1150)
Opening file (1151)
Opening file (1152)
Opening file (1153)
Opening file (1154)
Opening file (1155)
Opening file (1156)
Opening file (1157)
Opening file (1158)
Opening file (1159)
Opening file (1160)
Opening file (1161)
Opening file (1162)
Opening file (1163)
Opening file (1164)
Opening file (1165)
Opening file (1166)
Opening file (1167)
Opening file (1168)
Opening file (1169)
Opening file (1170)
Opening file (1171)
Opening file (1)
2020-11-19 21:01:58.598000 RNN multi-targets 2097152 batchs,  1170.84875967  epochs in 18535.7880001 s
Last train cost :  0.099490546
recall :  0.549586672025
sps :  0.774193548387
Best  sps :  0.804147465437788
blockbuster_share :  0.0213219616205
item_coverage :  91
ndcg :  0.49925433825599697
user_coverage :  0.910138248848
-----------------
2097152 1170.84875967 18535.8040001 0.099490546 0.549586672025 0.774193548387 0.0213219616205 91 0.49925433825599697 0.910138248848
Opening file (1172)
Opening file (1173)
Opening file (1174)
Opening file (1175)
Opening file (1176)
Opening file (1177)
Opening file (1178)
Opening file (1179)
Opening file (1180)
Opening file (1181)
Opening file (1182)
Opening file (1183)
Opening file (1184)
Opening file (1185)
Opening file (1186)
Opening file (1187)
Opening file (1188)
Opening file (1189)
Opening file (1190)
Opening file (1191)
Opening file (1192)
Opening file (1193)
Opening file (1194)
Opening file (1195)
Opening file (1196)
Opening file (1197)
Opening file (1198)
Opening file (1199)
Opening file (1200)
Opening file (1201)
Opening file (1202)
Opening file (1203)
Opening file (1204)
Opening file (1205)
Opening file (1206)
Opening file (1207)
Opening file (1208)
Opening file (1209)
Opening file (1210)
Opening file (1211)
Opening file (1212)
Opening file (1213)
Opening file (1214)
Opening file (1215)
Opening file (1216)
Opening file (1217)
Opening file (1218)
Opening file (1219)
Opening file (1220)
Opening file (1221)
Opening file (1222)
Opening file (1223)
Opening file (1224)
Opening file (1225)
Opening file (1226)
Opening file (1227)
Opening file (1228)
Opening file (1229)
Opening file (1230)
Opening file (1231)
Opening file (1232)
Opening file (1233)
Opening file (1234)
Opening file (1235)
Opening file (1236)
Opening file (1237)
Opening file (1238)
Opening file (1239)
Opening file (1240)
Opening file (1241)
Opening file (1242)
Opening file (1243)
Opening file (1244)
Opening file (1245)
Opening file (1246)
Opening file (1247)
Opening file (1248)
Opening file (1249)
Opening file (1250)
Opening file (1251)
Opening file (1252)
Opening file (1253)
Opening file (1254)
Opening file (1255)
Opening file (1256)
Opening file (1257)
Opening file (1258)
Opening file (1259)
Opening file (1260)
Opening file (1261)
Opening file (1262)
Opening file (1263)
Opening file (1264)
Opening file (1265)
Opening file (1266)
Opening file (1267)
Opening file (1268)
Opening file (1269)
Opening file (1270)
Opening file (1271)
Opening file (1272)
Opening file (1273)
Opening file (1274)
Opening file (1275)
Opening file (1276)
Opening file (1277)
Opening file (1278)
Opening file (1279)
Opening file (1280)
Opening file (1281)
Opening file (1282)
Opening file (1283)
Opening file (1284)
Opening file (1285)
Opening file (1286)
Opening file (1287)
Opening file (1288)
Opening file (1289)
Opening file (1290)
Opening file (1291)
Opening file (1292)
Opening file (1293)
Opening file (1294)
Opening file (1295)
Opening file (1296)
Opening file (1297)
Opening file (1298)
Opening file (1299)
Opening file (1300)
Opening file (1301)
Opening file (1302)
Opening file (1303)
Opening file (1304)
Opening file (1305)
Opening file (1306)
Opening file (1307)
Opening file (1308)
Opening file (1309)
Opening file (1310)
Opening file (1311)
Opening file (1312)
Opening file (1313)
Opening file (1314)
Opening file (1315)
Opening file (1316)
Opening file (1317)
Opening file (1318)
Opening file (1319)
Opening file (1320)
Opening file (1321)
Opening file (1322)
Opening file (1323)
Opening file (1324)
Opening file (1325)
Opening file (1326)
Opening file (1327)
Opening file (1328)
Opening file (1329)
Opening file (1330)
Opening file (1331)
Opening file (1332)
Opening file (1333)
Opening file (1334)
Opening file (1335)
Opening file (1336)
Opening file (1337)
Opening file (1338)
Opening file (1339)
Opening file (1340)
Opening file (1341)
Opening file (1342)
Opening file (1343)
Opening file (1344)
Opening file (1345)
Opening file (1346)
Opening file (1347)
Opening file (1348)
Opening file (1349)
Opening file (1350)
Opening file (1351)
Opening file (1352)
Opening file (1353)
Opening file (1354)
Opening file (1355)
Opening file (1356)
Opening file (1357)
Opening file (1358)
Opening file (1359)
Opening file (1360)
Opening file (1361)
Opening file (1362)
Opening file (1363)
Opening file (1364)
Opening file (1365)
Opening file (1366)
Opening file (1367)
Opening file (1368)
Opening file (1369)
Opening file (1370)
Opening file (1371)
Opening file (1372)
Opening file (1373)
Opening file (1374)
Opening file (1375)
Opening file (1376)
Opening file (1377)
Opening file (1378)
Opening file (1379)
Opening file (1380)
Opening file (1381)
Opening file (1382)
Opening file (1383)
Opening file (1384)
Opening file (1385)
Opening file (1386)
Opening file (1387)
Opening file (1388)
Opening file (1389)
Opening file (1390)
Opening file (1391)
Opening file (1392)
Opening file (1393)
Opening file (1394)
Opening file (1395)
Opening file (1396)
Opening file (1397)
Opening file (1398)
Opening file (1399)
Opening file (1400)
Opening file (1401)
Opening file (1402)
Opening file (1403)
Opening file (1404)
Opening file (1405)
Opening file (1406)
Opening file (1407)
Opening file (1408)
Opening file (1409)
Opening file (1410)
Opening file (1411)
Opening file (1412)
Opening file (1413)
Opening file (1414)
Opening file (1415)
Opening file (1416)
Opening file (1417)
Opening file (1418)
Opening file (1419)
Opening file (1420)
Opening file (1421)
Opening file (1422)
Opening file (1423)
Opening file (1424)
Opening file (1425)
Opening file (1426)
Opening file (1427)
Opening file (1428)
Opening file (1429)
Opening file (1430)
Opening file (1431)
Opening file (1432)
Opening file (1433)
Opening file (1434)
Opening file (1435)
Opening file (1436)
Opening file (1437)
Opening file (1438)
Opening file (1439)
Opening file (1440)
Opening file (1441)
Opening file (1442)
Opening file (1443)
Opening file (1444)
Opening file (1445)
Opening file (1446)
Opening file (1447)
Opening file (1448)
Opening file (1449)
Opening file (1450)
Opening file (1451)
Opening file (1452)
Opening file (1453)
Opening file (1454)
Opening file (1455)
Opening file (1456)
Opening file (1457)
Opening file (1458)
Opening file (1459)
Opening file (1460)
Opening file (1461)
Opening file (1462)
Opening file (1463)
Opening file (1464)
Opening file (1465)
Opening file (1466)
Opening file (1467)
Opening file (1468)
Opening file (1469)
Opening file (1470)
Opening file (1471)
Opening file (1472)
Opening file (1473)
Opening file (1474)
Opening file (1475)
Opening file (1476)
Opening file (1477)
Opening file (1478)
Opening file (1479)
Opening file (1480)
Opening file (1481)
Opening file (1482)
Opening file (1483)
Opening file (1484)
Opening file (1485)
Opening file (1486)
Opening file (1487)
Opening file (1488)
Opening file (1489)
Opening file (1490)
Opening file (1491)
Opening file (1492)
Opening file (1493)
Opening file (1494)
Opening file (1495)
Opening file (1496)
Opening file (1497)
Opening file (1498)
Opening file (1499)
Opening file (1500)
Opening file (1501)
Opening file (1502)
Opening file (1503)
Opening file (1504)
Opening file (1505)
Opening file (1506)
Opening file (1507)
Opening file (1508)
Opening file (1509)
Opening file (1510)
Opening file (1511)
Opening file (1512)
Opening file (1513)
Opening file (1514)
Opening file (1515)
Opening file (1516)
Opening file (1517)
Opening file (1518)
Opening file (1519)
Opening file (1520)
Opening file (1521)
Opening file (1522)
Opening file (1523)
Opening file (1524)
Opening file (1525)
Opening file (1526)
Opening file (1527)
Opening file (1528)
Opening file (1529)
Opening file (1530)
Opening file (1531)
Opening file (1532)
Opening file (1533)
Opening file (1534)
Opening file (1535)
Opening file (1536)
Opening file (1537)
Opening file (1538)
Opening file (1539)
Opening file (1540)
Opening file (1541)
Opening file (1542)
Opening file (1543)
Opening file (1544)
Opening file (1545)
Opening file (1546)
Opening file (1547)
Opening file (1548)
Opening file (1549)
Opening file (1550)
Opening file (1551)
Opening file (1552)
Opening file (1553)
Opening file (1554)
Opening file (1555)
Opening file (1556)
Opening file (1557)
Opening file (1558)
Opening file (1559)
Opening file (1560)
Opening file (1561)
Opening file (1562)
Opening file (1563)
Opening file (1564)
Opening file (1565)
Opening file (1566)
Opening file (1567)
Opening file (1568)
Opening file (1569)
Opening file (1570)
Opening file (1571)
Opening file (1572)
Opening file (1573)
Opening file (1574)
Opening file (1575)
Opening file (1576)
Opening file (1577)
Opening file (1578)
Opening file (1579)
Opening file (1580)
Opening file (1581)
Opening file (1582)
Opening file (1583)
Opening file (1584)
Opening file (1585)
Opening file (1586)
Opening file (1587)
Opening file (1588)
Opening file (1589)
Opening file (1590)
Opening file (1591)
Opening file (1592)
Opening file (1593)
Opening file (1594)
Opening file (1595)
Opening file (1596)
Opening file (1597)
Opening file (1598)
Opening file (1599)
Opening file (1600)
Opening file (1601)
Opening file (1602)
Opening file (1603)
Opening file (1604)
Opening file (1605)
Opening file (1606)
Opening file (1607)
Opening file (1608)
Opening file (1609)
Opening file (1610)
Opening file (1611)
Opening file (1612)
Opening file (1613)
Opening file (1614)
Opening file (1615)
Opening file (1616)
Opening file (1617)
Opening file (1618)
Opening file (1619)
Opening file (1620)
Opening file (1621)
Opening file (1622)
Opening file (1623)
Opening file (1624)
Opening file (1625)
Opening file (1626)
Opening file (1627)
Opening file (1628)
Opening file (1629)
Opening file (1630)
Opening file (1631)
Opening file (1632)
Opening file (1633)
Opening file (1634)
Opening file (1635)
Opening file (1636)
Opening file (1637)
Opening file (1638)
Opening file (1639)
Opening file (1640)
Opening file (1641)
Opening file (1642)
Opening file (1643)
Opening file (1644)
Opening file (1645)
Opening file (1646)
Opening file (1647)
Opening file (1648)
Opening file (1649)
Opening file (1650)
Opening file (1651)
Opening file (1652)
Opening file (1653)
Opening file (1654)
Opening file (1655)
Opening file (1656)
Opening file (1657)
Opening file (1658)
Opening file (1659)
Opening file (1660)
Opening file (1661)
Opening file (1662)
Opening file (1663)
Opening file (1664)
Opening file (1665)
Opening file (1666)
Opening file (1667)
Opening file (1668)
Opening file (1669)
Opening file (1670)
Opening file (1671)
Opening file (1672)
Opening file (1673)
Opening file (1674)
Opening file (1675)
Opening file (1676)
Opening file (1677)
Opening file (1678)
Opening file (1679)
Opening file (1680)
Opening file (1681)
Opening file (1682)
Opening file (1683)
Opening file (1684)
Opening file (1685)
Opening file (1686)
Opening file (1687)
Opening file (1688)
Opening file (1689)
Opening file (1690)
Opening file (1691)
Opening file (1692)
Opening file (1693)
Opening file (1694)
Opening file (1695)
Opening file (1696)
Opening file (1697)
Opening file (1698)
Opening file (1699)
Opening file (1700)
Opening file (1701)
Opening file (1702)
Opening file (1703)
Opening file (1704)
Opening file (1705)
Opening file (1706)
Opening file (1707)
Opening file (1708)
Opening file (1709)
Opening file (1710)
Opening file (1711)
Opening file (1712)
Opening file (1713)
Opening file (1714)
Opening file (1715)
Opening file (1716)
Opening file (1717)
Opening file (1718)
Opening file (1719)
Opening file (1720)
Opening file (1721)
Opening file (1722)
Opening file (1723)
Opening file (1724)
Opening file (1725)
Opening file (1726)
Opening file (1727)
Opening file (1728)
Opening file (1729)
Opening file (1730)
Opening file (1731)
Opening file (1732)
Opening file (1733)
Opening file (1734)
Opening file (1735)
Opening file (1736)
Opening file (1737)
Opening file (1738)
Opening file (1739)
Opening file (1740)
Opening file (1741)
Opening file (1742)
Opening file (1743)
Opening file (1744)
Opening file (1745)
Opening file (1746)
Opening file (1747)
Opening file (1748)
Opening file (1749)
Opening file (1750)
Opening file (1751)
Opening file (1752)
Opening file (1753)
Opening file (1754)
Opening file (1755)
Opening file (1756)
Opening file (1757)
Opening file (1758)
Opening file (1759)
Opening file (1760)
Opening file (1761)
Opening file (1762)
Opening file (1763)
Opening file (1764)
Opening file (1765)
Opening file (1766)
Opening file (1767)
Opening file (1768)
Opening file (1769)
Opening file (1770)
Opening file (1771)
Opening file (1772)
Opening file (1773)
Opening file (1774)
Opening file (1775)
Opening file (1776)
Opening file (1777)
Opening file (1778)
Opening file (1779)
Opening file (1780)
Opening file (1781)
Opening file (1782)
Opening file (1783)
Opening file (1784)
Opening file (1785)
Opening file (1786)
Opening file (1787)
Opening file (1788)
Opening file (1789)
Opening file (1790)
Opening file (1791)
Opening file (1792)
Opening file (1793)
Opening file (1794)
Opening file (1795)
Opening file (1796)
Opening file (1797)
Opening file (1798)
Opening file (1799)
Opening file (1800)
Opening file (1801)
Opening file (1802)
Opening file (1803)
Opening file (1804)
Opening file (1805)
Opening file (1806)
Opening file (1807)
Opening file (1808)
Opening file (1809)
Opening file (1810)
Opening file (1811)
Opening file (1812)
Opening file (1813)
Opening file (1814)
Opening file (1815)
Opening file (1816)
Opening file (1817)
Opening file (1818)
Opening file (1819)
Opening file (1820)
Opening file (1821)
Opening file (1822)
Opening file (1823)
Opening file (1824)
Opening file (1825)
Opening file (1826)
Opening file (1827)
Opening file (1828)
Opening file (1829)
Opening file (1830)
Opening file (1831)
Opening file (1832)
Opening file (1833)
Opening file (1834)
Opening file (1835)
Opening file (1836)
Opening file (1837)
Opening file (1838)
Opening file (1839)
Opening file (1840)
Opening file (1841)
Opening file (1842)
Opening file (1843)
Opening file (1844)
Opening file (1845)
Opening file (1846)
Opening file (1847)
Opening file (1848)
Opening file (1849)
Opening file (1850)
Opening file (1851)
Opening file (1852)
Opening file (1853)
Opening file (1854)
Opening file (1855)
Opening file (1856)
Opening file (1857)
Opening file (1858)
Opening file (1859)
Opening file (1860)
Opening file (1861)
Opening file (1862)
Opening file (1863)
Opening file (1864)
Opening file (1865)
Opening file (1866)
Opening file (1867)
Opening file (1868)
Opening file (1869)
Opening file (1870)
Opening file (1871)
Opening file (1872)
Opening file (1873)
Opening file (1874)
Opening file (1875)
Opening file (1876)
Opening file (1877)
Opening file (1878)
Opening file (1879)
Opening file (1880)
Opening file (1881)
Opening file (1882)
Opening file (1883)
Opening file (1884)
Opening file (1885)
Opening file (1886)
Opening file (1887)
Opening file (1888)
Opening file (1889)
Opening file (1890)
Opening file (1891)
Opening file (1892)
Opening file (1893)
Opening file (1894)
Opening file (1895)
Opening file (1896)
Opening file (1897)
Opening file (1898)
Opening file (1899)
Opening file (1900)
Opening file (1901)
Opening file (1902)
Opening file (1903)
Opening file (1904)
Opening file (1905)
Opening file (1906)
Opening file (1907)
Opening file (1908)
Opening file (1909)
Opening file (1910)
Opening file (1911)
Opening file (1912)
Opening file (1913)
Opening file (1914)
Opening file (1915)
Opening file (1916)
Opening file (1917)
Opening file (1918)
Opening file (1919)
Opening file (1920)
Opening file (1921)
Opening file (1922)
Opening file (1923)
Opening file (1924)
Opening file (1925)
Opening file (1926)
Opening file (1927)
Opening file (1928)
Opening file (1929)
Opening file (1930)
Opening file (1931)
Opening file (1932)
Opening file (1933)
Opening file (1934)
Opening file (1935)
Opening file (1936)
Opening file (1937)
Opening file (1938)
Opening file (1939)
Opening file (1940)
Opening file (1941)
Opening file (1942)
Opening file (1943)
Opening file (1944)
Opening file (1945)
Opening file (1946)
Opening file (1947)
Opening file (1948)
Opening file (1949)
Opening file (1950)
Opening file (1951)
Opening file (1952)
Opening file (1953)
Opening file (1954)
Opening file (1955)
Opening file (1956)
Opening file (1957)
Opening file (1958)
Opening file (1959)
Opening file (1960)
Opening file (1961)
Opening file (1962)
Opening file (1963)
Opening file (1964)
Opening file (1965)
Opening file (1966)
Opening file (1967)
Opening file (1968)
Opening file (1969)
Opening file (1970)
Opening file (1971)
Opening file (1972)
Opening file (1973)
Opening file (1974)
Opening file (1975)
Opening file (1976)
Opening file (1977)
Opening file (1978)
Opening file (1979)
Opening file (1980)
Opening file (1981)
Opening file (1982)
Opening file (1983)
Opening file (1984)
Opening file (1985)
Opening file (1986)
Opening file (1987)
Opening file (1988)
Opening file (1989)
Opening file (1990)
Opening file (1991)
Opening file (1992)
Opening file (1993)
Opening file (1994)
Opening file (1995)
Opening file (1996)
Opening file (1997)
Opening file (1998)
Opening file (1999)
Opening file (2000)
Opening file (2001)
Opening file (2002)
Opening file (2003)
Opening file (2004)
Opening file (2005)
Opening file (2006)
Opening file (2007)
Opening file (2008)
Opening file (2009)
Opening file (2010)
Opening file (2011)
Opening file (2012)
Opening file (2013)
Opening file (2014)
Opening file (2015)
Opening file (2016)
Opening file (2017)
Opening file (2018)
Opening file (2019)
Opening file (2020)
Opening file (2021)
Opening file (2022)
Opening file (2023)
Opening file (2024)
Opening file (2025)
Opening file (2026)
Opening file (2027)
Opening file (2028)
Opening file (2029)
Opening file (2030)
Opening file (2031)
Opening file (2032)
Opening file (2033)
Opening file (2034)
Opening file (2035)
Opening file (2036)
Opening file (2037)
Opening file (2038)
Opening file (2039)
Opening file (2040)
Opening file (2041)
Opening file (2042)
Opening file (2043)
Opening file (2044)
Opening file (2045)
Opening file (2046)
Opening file (2047)
Opening file (2048)
Opening file (2049)
Opening file (2050)
Opening file (2051)
Opening file (2052)
Opening file (2053)
Opening file (2054)
Opening file (2055)
Opening file (2056)
Opening file (2057)
Opening file (2058)
Opening file (2059)
Opening file (2060)
Opening file (2061)
Opening file (2062)
Opening file (2063)
Opening file (2064)
Opening file (2065)
Opening file (2066)
Opening file (2067)
Opening file (2068)
Opening file (2069)
Opening file (2070)
Opening file (2071)
Opening file (2072)
Opening file (2073)
Opening file (2074)
Opening file (2075)
Opening file (2076)
Opening file (2077)
Opening file (2078)
Opening file (2079)
Opening file (2080)
Opening file (2081)
Opening file (2082)
Opening file (2083)
Opening file (2084)
Opening file (2085)
Opening file (2086)
Opening file (2087)
Opening file (2088)
Opening file (2089)
Opening file (2090)
Opening file (2091)
Opening file (2092)
Opening file (2093)
Opening file (2094)
Opening file (2095)
Opening file (2096)
Opening file (2097)
Opening file (2098)
Opening file (2099)
Opening file (2100)
Opening file (2101)
Opening file (2102)
Opening file (2103)
Opening file (2104)
Opening file (2105)
Opening file (2106)
Opening file (2107)
Opening file (2108)
Opening file (2109)
Opening file (2110)
Opening file (2111)
Opening file (2112)
Opening file (2113)
Opening file (2114)
Opening file (2115)
Opening file (2116)
Opening file (2117)
Opening file (2118)
Opening file (2119)
Opening file (2120)
Opening file (2121)
Opening file (2122)
Opening file (2123)
Opening file (2124)
Opening file (2125)
Opening file (2126)
Opening file (2127)
Opening file (2128)
Opening file (2129)
Opening file (2130)
Opening file (2131)
Opening file (2132)
Opening file (2133)
Opening file (2134)
Opening file (2135)
Opening file (2136)
Opening file (2137)
Opening file (2138)
Opening file (2139)
Opening file (2140)
Opening file (2141)
Opening file (2142)
Opening file (2143)
Opening file (2144)
Opening file (2145)
Opening file (2146)
Opening file (2147)
Opening file (2148)
Opening file (2149)
Opening file (2150)
Opening file (2151)
Opening file (2152)
Opening file (2153)
Opening file (2154)
Opening file (2155)
Opening file (2156)
Opening file (2157)
Opening file (2158)
Opening file (2159)
Opening file (2160)
Opening file (2161)
Opening file (2162)
Opening file (2163)
Opening file (2164)
Opening file (2165)
Opening file (2166)
Opening file (2167)
Opening file (2168)
Opening file (2169)
Opening file (2170)
Opening file (2171)
Opening file (2172)
Opening file (2173)
Opening file (2174)
Opening file (2175)
Opening file (2176)
Opening file (2177)
Opening file (2178)
Opening file (2179)
Opening file (2180)
Opening file (2181)
Opening file (2182)
Opening file (2183)
Opening file (2184)
Opening file (2185)
Opening file (2186)
Opening file (2187)
Opening file (2188)
Opening file (2189)
Opening file (2190)
Opening file (2191)
Opening file (2192)
Opening file (2193)
Opening file (2194)
Opening file (2195)
Opening file (2196)
Opening file (2197)
Opening file (2198)
Opening file (2199)
Opening file (2200)
Opening file (2201)
Opening file (2202)
Opening file (2203)
Opening file (2204)
Opening file (2205)
Opening file (2206)
Opening file (2207)
Opening file (2208)
Opening file (2209)
Opening file (2210)
Opening file (2211)
Opening file (2212)
Opening file (2213)
Opening file (2214)
Opening file (2215)
Opening file (2216)
Opening file (2217)
Opening file (2218)
Opening file (2219)
Opening file (2220)
Opening file (2221)
Opening file (2222)
Opening file (2223)
Opening file (2224)
Opening file (2225)
Opening file (2226)
Opening file (2227)
Opening file (2228)
Opening file (2229)
Opening file (2230)
Opening file (2231)
Opening file (2232)
Opening file (2233)
Opening file (2234)
Opening file (2235)
Opening file (2236)
Opening file (2237)
Opening file (2238)
Opening file (2239)
Opening file (2240)
Opening file (2241)
Opening file (2242)
Opening file (2243)
Opening file (2244)
Opening file (2245)
Opening file (2246)
Opening file (2247)
Opening file (2248)
Opening file (2249)
Opening file (2250)
Opening file (2251)
Opening file (2252)
Opening file (2253)
Opening file (2254)
Opening file (2255)
Opening file (2256)
Opening file (2257)
Opening file (2258)
Opening file (2259)
Opening file (2260)
Opening file (2261)
Opening file (2262)
Opening file (2263)
Opening file (2264)
Opening file (2265)
Opening file (2266)
Opening file (2267)
Opening file (2268)
Opening file (2269)
Opening file (2270)
Opening file (2271)
Opening file (2272)
Opening file (2273)
Opening file (2274)
Opening file (2275)
Opening file (2276)
Opening file (2277)
Opening file (2278)
Opening file (2279)
Opening file (2280)
Opening file (2281)
Opening file (2282)
Opening file (2283)
Opening file (2284)
Opening file (2285)
Opening file (2286)
Opening file (2287)
Opening file (2288)
Opening file (2289)
Opening file (2290)
Opening file (2291)
Opening file (2292)
Opening file (2293)
Opening file (2294)
Opening file (2295)
Opening file (2296)
Opening file (2297)
Opening file (2298)
Opening file (2299)
Opening file (2300)
Opening file (2301)
Opening file (2302)
Opening file (2303)
Opening file (2304)
Opening file (2305)
Opening file (2306)
Opening file (2307)
Opening file (2308)
Opening file (2309)
Opening file (2310)
Opening file (2311)
Opening file (2312)
Opening file (2313)
Opening file (2314)
Opening file (2315)
Opening file (2316)
Opening file (2317)
Opening file (2318)
Opening file (2319)
Opening file (2320)
Opening file (2321)
Opening file (2322)
Opening file (2323)
Opening file (2324)
Opening file (2325)
Opening file (2326)
Opening file (2327)
Opening file (2328)
Opening file (2329)
Opening file (2330)
Opening file (2331)
Opening file (2332)
Opening file (2333)
Opening file (2334)
Opening file (2335)
Opening file (2336)
Opening file (2337)
Opening file (2338)
Opening file (2339)
Opening file (2340)
Opening file (2341)
Opening file (2342)
Opening file (1)
2020-11-20 03:09:08.749000 RNN multi-targets 4194304 batchs,  2341.74926647  epochs in 40565.9390001 s
Last train cost :  0.09786803
recall :  0.549467793923
sps :  0.790322580645
Best  sps :  0.804147465437788
blockbuster_share :  0.0215672178289
item_coverage :  87
ndcg :  0.5064238825425549
user_coverage :  0.917050691244
-----------------
4194304 2341.74926647 40565.9390001 0.09786803 0.549467793923 0.790322580645 0.0215672178289 87 0.5064238825425549 0.917050691244
Opening file (2343)
Opening file (2344)
Opening file (2345)
Opening file (2346)
Opening file (2347)
Opening file (2348)
Opening file (2349)
Opening file (2350)
Opening file (2351)
Opening file (2352)
Opening file (2353)
Opening file (2354)
Opening file (2355)
Opening file (2356)
Opening file (2357)
Opening file (2358)
Opening file (2359)
Opening file (2360)
Opening file (2361)
Opening file (2362)
Opening file (2363)
Opening file (2364)
Opening file (2365)
Opening file (2366)
Opening file (2367)
Opening file (2368)
Opening file (2369)
Opening file (2370)
Opening file (2371)
Opening file (2372)
Opening file (2373)
Opening file (2374)
Opening file (2375)
Opening file (2376)
Opening file (2377)
Opening file (2378)
Opening file (2379)
Opening file (2380)
Opening file (2381)
Opening file (2382)
Opening file (2383)
Opening file (2384)
Opening file (2385)
Opening file (2386)
Opening file (2387)
Opening file (2388)
Opening file (2389)
Opening file (2390)
Opening file (2391)
Opening file (2392)
Opening file (2393)
Opening file (2394)
Opening file (2395)
Opening file (2396)
Opening file (2397)
Opening file (2398)
Opening file (2399)
Opening file (2400)
Opening file (2401)
Opening file (2402)
Opening file (2403)
Opening file (2404)
Opening file (2405)
Opening file (2406)
Opening file (2407)
Opening file (2408)
Opening file (2409)
Opening file (2410)
Opening file (2411)
Opening file (2412)
Opening file (2413)
Opening file (2414)
Opening file (2415)
Opening file (2416)
Opening file (2417)
Opening file (2418)
Opening file (2419)
Opening file (2420)
Opening file (2421)
Opening file (2422)
Opening file (2423)
Opening file (2424)
Opening file (2425)
Opening file (2426)
Opening file (2427)
Opening file (2428)
Opening file (2429)
Opening file (2430)
Opening file (2431)
Opening file (2432)
Opening file (2433)
Opening file (2434)
Opening file (2435)
Opening file (2436)
Opening file (2437)
Opening file (2438)
Opening file (2439)
Opening file (2440)
Opening file (2441)
Opening file (2442)
Opening file (2443)
Opening file (2444)
Opening file (2445)
Opening file (2446)
Opening file (2447)
Opening file (2448)
Opening file (2449)
Opening file (2450)
Opening file (2451)
Opening file (2452)
Opening file (2453)
Opening file (2454)
Opening file (2455)
Opening file (2456)
Opening file (2457)
Opening file (2458)
Opening file (2459)
Opening file (2460)
Opening file (2461)
Opening file (2462)
Opening file (2463)
Opening file (2464)
Opening file (2465)
Opening file (2466)
Opening file (2467)
Opening file (2468)
Opening file (2469)
Opening file (2470)
Opening file (2471)
Opening file (2472)
Opening file (2473)
Opening file (2474)
Opening file (2475)
Opening file (2476)
Opening file (2477)
Opening file (2478)
Opening file (2479)
Opening file (2480)
Opening file (2481)
Opening file (2482)
Opening file (2483)
Opening file (2484)
Opening file (2485)
Opening file (2486)
Opening file (2487)
Opening file (2488)
Opening file (2489)
Opening file (2490)
Opening file (2491)
Opening file (2492)
Opening file (2493)
Opening file (2494)
Opening file (2495)
Opening file (2496)
Opening file (2497)
Opening file (2498)
Opening file (2499)
Opening file (2500)
Opening file (2501)
Opening file (2502)
Opening file (2503)
Opening file (2504)
Opening file (2505)
Opening file (2506)
Opening file (2507)
Opening file (2508)
Opening file (2509)
Opening file (2510)
Opening file (2511)
Opening file (2512)
Opening file (2513)
Opening file (2514)
Opening file (2515)
Opening file (2516)
Opening file (2517)
Opening file (2518)
Opening file (2519)
Opening file (2520)
Opening file (2521)
Opening file (2522)
Opening file (2523)
Opening file (2524)
Opening file (2525)
Opening file (2526)
Opening file (2527)
Opening file (2528)
Opening file (2529)
Opening file (2530)
Opening file (2531)
Opening file (2532)
Opening file (2533)
Opening file (2534)
Opening file (2535)
Opening file (2536)
Opening file (2537)
Opening file (2538)
Opening file (2539)
Opening file (2540)
Opening file (2541)
Opening file (2542)
Opening file (2543)
Opening file (2544)
Opening file (2545)
Opening file (2546)
Opening file (2547)
Opening file (2548)
Opening file (2549)
Opening file (2550)
Opening file (2551)
Opening file (2552)
Opening file (2553)
Opening file (2554)
Opening file (2555)
Opening file (2556)
Opening file (2557)
Opening file (2558)
Opening file (2559)
Opening file (2560)
Opening file (2561)
Opening file (2562)
Opening file (2563)
Opening file (2564)
Opening file (2565)
Opening file (2566)
Opening file (2567)
Opening file (2568)
Opening file (2569)
Opening file (2570)
Opening file (2571)
Opening file (2572)
Opening file (2573)
Opening file (2574)
Opening file (2575)
Opening file (2576)
Opening file (2577)
Opening file (2578)
Opening file (2579)
Opening file (2580)
Opening file (2581)
Opening file (2582)
Opening file (2583)
Opening file (2584)
Opening file (2585)
Opening file (2586)
Opening file (2587)
Opening file (2588)
Opening file (2589)
Opening file (2590)
Opening file (2591)
Opening file (2592)
Opening file (2593)
Opening file (2594)
Opening file (2595)
Opening file (2596)
Opening file (2597)
Opening file (2598)
Opening file (2599)
Opening file (2600)
Opening file (2601)
Opening file (2602)
Opening file (2603)
Opening file (2604)
Opening file (2605)
Opening file (2606)
Opening file (2607)
Opening file (2608)
Opening file (2609)
Opening file (2610)
Opening file (2611)
Opening file (2612)
Opening file (2613)
Opening file (2614)
Opening file (2615)
Opening file (2616)
Opening file (2617)
Opening file (2618)
Opening file (2619)
Opening file (2620)
Opening file (2621)
Opening file (2622)
Opening file (2623)
Opening file (2624)
Opening file (2625)
Opening file (2626)
Opening file (2627)
Opening file (2628)
Opening file (2629)
Opening file (2630)
Opening file (2631)
Opening file (2632)
Opening file (2633)
Opening file (2634)
Opening file (2635)
Opening file (2636)
Opening file (2637)
Opening file (2638)
Opening file (2639)
Opening file (2640)
Opening file (2641)
Opening file (2642)
Opening file (2643)
Opening file (2644)
Opening file (2645)
Opening file (2646)
Opening file (2647)
Opening file (2648)
Opening file (2649)
Opening file (2650)
Opening file (2651)
Opening file (2652)
Opening file (2653)
Opening file (2654)
Opening file (2655)
Opening file (2656)
Opening file (2657)
Opening file (2658)
Opening file (2659)
Opening file (2660)
Opening file (2661)
Opening file (2662)
Opening file (2663)
Opening file (2664)
Opening file (2665)
Opening file (2666)
Opening file (2667)
Opening file (2668)
Opening file (2669)
Opening file (2670)
Opening file (2671)
Opening file (2672)
Opening file (2673)
Opening file (2674)
Opening file (2675)
Opening file (2676)
Opening file (2677)
Opening file (2678)
Opening file (2679)
Opening file (2680)
Opening file (2681)
Opening file (2682)
Opening file (2683)
Opening file (2684)
Opening file (2685)
Opening file (2686)
Opening file (2687)
Opening file (2688)
Opening file (2689)
Opening file (2690)
Opening file (2691)
Opening file (2692)
Opening file (2693)
Opening file (2694)
Opening file (2695)
Opening file (2696)
Opening file (2697)
Opening file (2698)
Opening file (2699)
Opening file (2700)
Opening file (2701)
Opening file (2702)
Opening file (2703)
Opening file (2704)
Opening file (2705)
Opening file (2706)
Opening file (2707)
Opening file (2708)
Opening file (2709)
Opening file (2710)
Opening file (2711)
Opening file (2712)
Opening file (2713)
Opening file (2714)
Opening file (2715)
Opening file (2716)
Opening file (2717)
Opening file (2718)
Opening file (2719)
Opening file (2720)
Opening file (2721)
Opening file (2722)
Opening file (2723)
Opening file (2724)
Opening file (2725)
Opening file (2726)
Opening file (2727)
Opening file (2728)
Opening file (2729)
Opening file (2730)
Opening file (2731)
Opening file (2732)
Opening file (2733)
Opening file (2734)
Opening file (2735)
Opening file (2736)
Opening file (2737)
Opening file (2738)
Opening file (2739)
Opening file (2740)
Opening file (2741)
Opening file (2742)
Opening file (2743)
Opening file (2744)
Opening file (2745)
Opening file (2746)
Opening file (2747)
Opening file (2748)
Opening file (2749)
Opening file (2750)
Opening file (2751)
Opening file (2752)
Opening file (2753)
Opening file (2754)
Opening file (2755)
Opening file (2756)
Opening file (2757)
Opening file (2758)
Opening file (2759)
Opening file (2760)
Opening file (2761)
Opening file (2762)
Opening file (2763)
Opening file (2764)
Opening file (2765)
Opening file (2766)
Opening file (2767)
Opening file (2768)
Opening file (2769)
Opening file (2770)
Opening file (2771)
Opening file (2772)
Opening file (2773)
Opening file (2774)
Opening file (2775)
Opening file (2776)
Opening file (2777)
Opening file (2778)
Opening file (2779)
Opening file (2780)
Opening file (2781)
Opening file (2782)
Opening file (2783)
Opening file (2784)
Opening file (2785)
Opening file (2786)
Opening file (2787)
Opening file (2788)
Opening file (2789)
Opening file (2790)
Opening file (2791)
Opening file (2792)
Opening file (2793)
Opening file (2794)
Opening file (2795)
Opening file (2796)
Opening file (2797)
Opening file (2798)
Opening file (2799)
Opening file (2800)
Opening file (2801)
Opening file (2802)
Opening file (2803)
Opening file (2804)
Opening file (2805)
Opening file (2806)
Opening file (2807)
Opening file (2808)
Opening file (2809)
Opening file (2810)
Opening file (2811)
Opening file (2812)
Opening file (2813)
Opening file (2814)
Opening file (2815)
Opening file (2816)
Opening file (2817)
Opening file (2818)
Opening file (2819)
Opening file (2820)
Opening file (2821)
Opening file (2822)
Opening file (2823)
Opening file (2824)
Opening file (2825)
Opening file (2826)
Opening file (2827)
Opening file (2828)
Opening file (2829)
Opening file (2830)
Opening file (2831)
Opening file (2832)
Opening file (2833)
Opening file (2834)
Opening file (2835)
Opening file (2836)
Opening file (2837)
Opening file (2838)
Opening file (2839)
Opening file (2840)
Opening file (2841)
Opening file (2842)
Opening file (2843)
Opening file (2844)
Opening file (2845)
Opening file (2846)
Opening file (2847)
Opening file (2848)
Opening file (2849)
Opening file (2850)
Opening file (2851)
Opening file (2852)
Opening file (2853)
Opening file (2854)
Opening file (2855)
Opening file (2856)
Opening file (2857)
Opening file (2858)
Opening file (2859)
Opening file (2860)
Opening file (2861)
Opening file (2862)
Opening file (2863)
Opening file (2864)
Opening file (2865)
Opening file (2866)
Opening file (2867)
Opening file (2868)
Opening file (2869)
Opening file (2870)
Opening file (2871)
Opening file (2872)
Opening file (2873)
Opening file (2874)
Opening file (2875)
Opening file (2876)
Opening file (2877)
Opening file (2878)
Opening file (2879)
Opening file (2880)
Opening file (2881)
Opening file (2882)
Opening file (2883)
Opening file (2884)
Opening file (2885)
Opening file (2886)
Opening file (2887)
Opening file (2888)
Opening file (2889)
Opening file (2890)
Opening file (2891)
Opening file (2892)
Opening file (2893)
Opening file (2894)
Opening file (2895)
Opening file (2896)
Opening file (2897)
Opening file (2898)
Opening file (2899)
Opening file (2900)
Opening file (2901)
Opening file (2902)
Opening file (2903)
Opening file (2904)
Opening file (2905)
Opening file (2906)
Opening file (2907)
Opening file (2908)
Opening file (2909)
Opening file (2910)
Opening file (2911)
Opening file (2912)
Opening file (2913)
Opening file (2914)
Opening file (2915)
Opening file (2916)
Opening file (2917)
Opening file (2918)
Opening file (2919)
Opening file (2920)
Opening file (2921)
Opening file (2922)
Opening file (2923)
Opening file (2924)
Opening file (2925)
Opening file (2926)
Opening file (2927)
Opening file (2928)
Opening file (2929)
Opening file (2930)
Opening file (2931)
Opening file (2932)
Opening file (2933)
Opening file (2934)
Opening file (2935)
Opening file (2936)
Opening file (2937)
Opening file (2938)
Opening file (2939)
Opening file (2940)
Opening file (2941)
Opening file (2942)
Opening file (2943)
Opening file (2944)
Opening file (2945)
Opening file (2946)
Opening file (2947)
Opening file (2948)
Opening file (2949)
Opening file (2950)
Opening file (2951)
Opening file (2952)
Opening file (2953)
Opening file (2954)
Opening file (2955)
Opening file (2956)
Opening file (2957)
Opening file (2958)
Opening file (2959)
Opening file (2960)
Opening file (2961)
Opening file (2962)
Opening file (2963)
Opening file (2964)
Opening file (2965)
Opening file (2966)
Opening file (2967)
Opening file (2968)
Opening file (2969)
Opening file (2970)
Opening file (2971)
Opening file (2972)
Opening file (2973)
Opening file (2974)
Opening file (2975)
Opening file (2976)
Opening file (2977)
Opening file (2978)
Opening file (2979)
Opening file (2980)
Opening file (2981)
Opening file (2982)
Opening file (2983)
Opening file (2984)
Opening file (2985)
Opening file (2986)
Opening file (2987)
Opening file (2988)
Opening file (2989)
Opening file (2990)
Opening file (2991)
Opening file (2992)
Opening file (2993)
Opening file (2994)
Opening file (2995)
Opening file (2996)
Opening file (2997)
Opening file (2998)
Opening file (2999)
Opening file (3000)
Opening file (3001)
Opening file (3002)
Opening file (3003)
Opening file (3004)
Opening file (3005)
Opening file (3006)
Opening file (3007)
Opening file (3008)
Opening file (3009)
Opening file (3010)
Opening file (3011)
Opening file (3012)
Opening file (3013)
Opening file (3014)
Opening file (3015)
Opening file (3016)
Opening file (3017)
Opening file (3018)
Opening file (3019)
Opening file (3020)
Opening file (3021)
Opening file (3022)
Opening file (3023)
Opening file (3024)
Opening file (3025)
Opening file (3026)
Opening file (3027)
Opening file (3028)
Opening file (3029)
Opening file (3030)
Opening file (3031)
Opening file (3032)
Opening file (3033)
Opening file (3034)
Opening file (3035)
Opening file (3036)
Opening file (3037)
Opening file (3038)
Opening file (3039)
Opening file (3040)
Opening file (3041)
Opening file (3042)
Opening file (3043)
Opening file (3044)
Opening file (3045)
Opening file (3046)
Opening file (3047)
Opening file (3048)
Opening file (3049)
Opening file (3050)
Opening file (3051)
Opening file (3052)
Opening file (3053)
Opening file (3054)
Opening file (3055)
Opening file (3056)
Opening file (3057)
Opening file (3058)
Opening file (3059)
Opening file (3060)
Opening file (3061)
Opening file (3062)
Opening file (3063)
Opening file (3064)
Opening file (3065)
Opening file (3066)
Opening file (3067)
Opening file (3068)
Opening file (3069)
Opening file (3070)
Opening file (3071)
Opening file (3072)
Opening file (3073)
Opening file (3074)
Opening file (3075)
Opening file (3076)
Opening file (3077)
Opening file (3078)
Opening file (3079)
Opening file (3080)
Opening file (3081)
Opening file (3082)
Opening file (3083)
Opening file (3084)
Opening file (3085)
Opening file (3086)
Opening file (3087)
Opening file (3088)
Opening file (3089)
Opening file (3090)
Opening file (3091)
Opening file (3092)
Opening file (3093)
Opening file (3094)
Opening file (3095)
Opening file (3096)
Opening file (3097)
Opening file (3098)
Opening file (3099)
Opening file (3100)
Opening file (3101)
Opening file (3102)
Opening file (3103)
Opening file (3104)
Opening file (3105)
Opening file (3106)
Opening file (3107)
Opening file (3108)
Opening file (3109)
Opening file (3110)
Opening file (3111)
Opening file (3112)
Opening file (3113)
Opening file (3114)
Opening file (3115)
Opening file (3116)
Opening file (3117)
Opening file (3118)
Opening file (3119)
Opening file (3120)
Opening file (3121)
Opening file (3122)
Opening file (3123)
Opening file (3124)
Opening file (3125)
Opening file (3126)
Opening file (3127)
Opening file (3128)
Opening file (3129)
Opening file (3130)
Opening file (3131)
Opening file (3132)
Opening file (3133)
Opening file (3134)
Opening file (3135)
Opening file (3136)
Opening file (3137)
Opening file (3138)
Opening file (3139)
Opening file (3140)
Opening file (3141)
Opening file (3142)
Opening file (3143)
Opening file (3144)
Opening file (3145)
Opening file (3146)
Opening file (3147)
Opening file (3148)
Opening file (3149)
Opening file (3150)
Opening file (3151)
Opening file (3152)
Opening file (3153)
Opening file (3154)
Opening file (3155)
Opening file (3156)
Opening file (3157)
Opening file (3158)
Opening file (3159)
Opening file (3160)
Opening file (3161)
Opening file (3162)
Opening file (3163)
Opening file (3164)
Opening file (3165)
Opening file (3166)
Opening file (3167)
Opening file (3168)
Opening file (3169)
Opening file (3170)
Opening file (3171)
Opening file (3172)
Opening file (3173)
Opening file (3174)
Opening file (3175)
Opening file (3176)
Opening file (3177)
Opening file (3178)
Opening file (3179)
Opening file (3180)
Opening file (3181)
Opening file (3182)
Opening file (3183)
Opening file (3184)
Opening file (3185)
Opening file (3186)
Opening file (3187)
Opening file (3188)
Opening file (3189)
Opening file (3190)
Opening file (3191)
Opening file (3192)
Opening file (3193)
Opening file (3194)
Opening file (3195)
Opening file (3196)
Opening file (3197)
Opening file (3198)
Opening file (3199)
Opening file (3200)
Opening file (3201)
Opening file (3202)
Opening file (3203)
Opening file (3204)
Opening file (3205)
Opening file (3206)
Opening file (3207)
Opening file (3208)
Opening file (3209)
Opening file (3210)
Opening file (3211)
Opening file (3212)
Opening file (3213)
Opening file (3214)
Opening file (3215)
Opening file (3216)
Opening file (3217)
Opening file (3218)
Opening file (3219)
Opening file (3220)
Opening file (3221)
Opening file (3222)
Opening file (3223)
Opening file (3224)
Opening file (3225)
Opening file (3226)
Opening file (3227)
Opening file (3228)
Opening file (3229)
Opening file (3230)
Opening file (3231)
Opening file (3232)
Opening file (3233)
Opening file (3234)
Opening file (3235)
Opening file (3236)
Opening file (3237)
Opening file (3238)
Opening file (3239)
Opening file (3240)
Opening file (3241)
Opening file (3242)
Opening file (3243)
Opening file (3244)
Opening file (3245)
Opening file (3246)
Opening file (3247)
Opening file (3248)
Opening file (3249)
Opening file (3250)
Opening file (3251)
Opening file (3252)
Opening file (3253)
Opening file (3254)
Opening file (3255)
Opening file (3256)
Opening file (3257)
Opening file (3258)
Opening file (3259)
Opening file (3260)
Opening file (3261)
Opening file (3262)
Opening file (3263)
Opening file (3264)
Opening file (3265)
Opening file (3266)
Opening file (3267)
Opening file (3268)
Opening file (3269)
Opening file (3270)
Opening file (3271)
Opening file (3272)
Opening file (3273)
Opening file (3274)
Opening file (3275)
Opening file (3276)
Opening file (3277)
Opening file (3278)
Opening file (3279)
Opening file (3280)
Opening file (3281)
Opening file (3282)
Opening file (3283)
Opening file (3284)
Opening file (3285)
Opening file (3286)
Opening file (3287)
Opening file (3288)
Opening file (3289)
Opening file (3290)
Opening file (3291)
Opening file (3292)
Opening file (3293)
Opening file (3294)
Opening file (3295)
Opening file (3296)
Opening file (3297)
Opening file (3298)
Opening file (3299)
Opening file (3300)
Opening file (3301)
Opening file (3302)
Opening file (3303)
Opening file (3304)
Opening file (3305)
Opening file (3306)
Opening file (3307)
Opening file (3308)
Opening file (3309)
Opening file (3310)
Opening file (3311)
Opening file (3312)
Opening file (3313)
Opening file (3314)
Opening file (3315)
Opening file (3316)
Opening file (3317)
Opening file (3318)
Opening file (3319)
Opening file (3320)
Opening file (3321)
Opening file (3322)
Opening file (3323)
Opening file (3324)
Opening file (3325)
Opening file (3326)
Opening file (3327)
Opening file (3328)
Opening file (3329)
Opening file (3330)
Opening file (3331)
Opening file (3332)
Opening file (3333)
Opening file (3334)
Opening file (3335)
Opening file (3336)
Opening file (3337)
Opening file (3338)
Opening file (3339)
Opening file (3340)
Opening file (3341)
Opening file (3342)
Opening file (3343)
Opening file (3344)
Opening file (3345)
Opening file (3346)
Opening file (3347)
Opening file (3348)
Opening file (3349)
Opening file (3350)
Opening file (3351)
Opening file (3352)
Opening file (3353)
Opening file (3354)
Opening file (3355)
Opening file (3356)
Opening file (3357)
Opening file (3358)
Opening file (3359)
Opening file (3360)
Opening file (3361)
Opening file (3362)
Opening file (3363)
Opening file (3364)
Opening file (3365)
Opening file (3366)
Opening file (3367)
Opening file (3368)
Opening file (3369)
Opening file (3370)
Opening file (3371)
Opening file (3372)
Opening file (3373)
Opening file (3374)
Opening file (3375)
Opening file (3376)
Opening file (3377)
Opening file (3378)
Opening file (3379)
Opening file (3380)
Opening file (3381)
Opening file (3382)
Opening file (3383)
Opening file (3384)
Opening file (3385)
Opening file (3386)
Opening file (3387)
Opening file (3388)
Opening file (3389)
Opening file (3390)
Opening file (3391)
Opening file (3392)
Opening file (3393)
Opening file (3394)
Opening file (3395)
Opening file (3396)
Opening file (3397)
Opening file (3398)
Opening file (3399)
Opening file (3400)
Opening file (3401)
Opening file (3402)
Opening file (3403)
Opening file (3404)
Opening file (3405)
Opening file (3406)
Opening file (3407)
Opening file (3408)
Opening file (3409)
Opening file (3410)
Opening file (3411)
Opening file (3412)
Opening file (3413)
Opening file (3414)
Opening file (3415)
Opening file (3416)
Opening file (3417)
Opening file (3418)
Opening file (3419)
Opening file (3420)
Opening file (3421)
Opening file (3422)
Opening file (3423)
Opening file (3424)
Opening file (3425)
Opening file (3426)
Opening file (3427)
Opening file (3428)
Opening file (3429)
Opening file (3430)
Opening file (3431)
Opening file (3432)
Opening file (3433)
Opening file (3434)
Opening file (3435)
Opening file (3436)
Opening file (3437)
Opening file (3438)
Opening file (3439)
Opening file (3440)
Opening file (3441)
Opening file (3442)
Opening file (3443)
Opening file (3444)
Opening file (3445)
Opening file (3446)
Opening file (3447)
Opening file (3448)
Opening file (3449)
Opening file (3450)
Opening file (3451)
Opening file (3452)
Opening file (3453)
Opening file (3454)
Opening file (3455)
Opening file (3456)
Opening file (3457)
Opening file (3458)
Opening file (3459)
Opening file (3460)
Opening file (3461)
Opening file (3462)
Opening file (3463)
Opening file (3464)
Opening file (3465)
Opening file (3466)
Opening file (3467)
Opening file (3468)
Opening file (3469)
Opening file (3470)
Opening file (3471)
Opening file (3472)
Opening file (3473)
Opening file (3474)
Opening file (3475)
Opening file (3476)
Opening file (3477)
Opening file (3478)
Opening file (3479)
Opening file (3480)
Opening file (3481)
Opening file (3482)
Opening file (3483)
Opening file (3484)
Opening file (3485)
Opening file (3486)
Opening file (3487)
Opening file (3488)
Opening file (3489)
Opening file (3490)
Opening file (3491)
Opening file (3492)
Opening file (3493)
Opening file (3494)
Opening file (3495)
Opening file (3496)
Opening file (3497)
Opening file (3498)
Opening file (3499)
Opening file (3500)
Opening file (3501)
Opening file (3502)
Opening file (3503)
Opening file (3504)
Opening file (3505)
Opening file (3506)
Opening file (3507)
Opening file (3508)
Opening file (3509)
Opening file (3510)
Opening file (3511)
Opening file (3512)
Opening file (3513)
Opening file (3514)
Opening file (3515)
Opening file (3516)
Opening file (3517)
Opening file (3518)
Opening file (3519)
Opening file (3520)
Opening file (3521)
Opening file (3522)
Opening file (3523)
Opening file (3524)
Opening file (3525)
Opening file (3526)
Opening file (3527)
Opening file (3528)
Opening file (3529)
Opening file (3530)
Opening file (3531)
Opening file (3532)
Opening file (3533)
Opening file (3534)
Opening file (3535)
Opening file (3536)
Opening file (3537)
Opening file (3538)
Opening file (3539)
Opening file (3540)
Opening file (3541)
Opening file (3542)
Opening file (3543)
Opening file (3544)
Opening file (3545)
Opening file (3546)
Opening file (3547)
Opening file (3548)
Opening file (3549)
Opening file (3550)
Opening file (3551)
Opening file (3552)
Opening file (3553)
Opening file (3554)
Opening file (3555)
Opening file (3556)
Opening file (3557)
Opening file (3558)
Opening file (3559)
Opening file (3560)
Opening file (3561)
Opening file (3562)
Opening file (3563)
Opening file (3564)
Opening file (3565)
Opening file (3566)
Opening file (3567)
Opening file (3568)
Opening file (3569)
Opening file (3570)
Opening file (3571)
Opening file (3572)
Opening file (3573)
Opening file (3574)
Opening file (3575)
Opening file (3576)
Opening file (3577)
Opening file (3578)
Opening file (3579)
Opening file (3580)
Opening file (3581)
Opening file (3582)
Opening file (3583)
Opening file (3584)
Opening file (3585)
Opening file (3586)
Opening file (3587)
Opening file (3588)
Opening file (3589)
Opening file (3590)
Opening file (3591)
Opening file (3592)
Opening file (3593)
Opening file (3594)
Opening file (3595)
Opening file (3596)
Opening file (3597)
Opening file (3598)
Opening file (3599)
Opening file (3600)
Opening file (3601)
Opening file (3602)
Opening file (3603)
Opening file (3604)
Opening file (3605)
Opening file (3606)
Opening file (3607)
Opening file (3608)
Opening file (3609)
Opening file (3610)
Opening file (3611)
Opening file (3612)
Opening file (3613)
Opening file (3614)
Opening file (3615)
Opening file (3616)
Opening file (3617)
Opening file (3618)
Opening file (3619)
Opening file (3620)
Opening file (3621)
Opening file (3622)
Opening file (3623)
Opening file (3624)
Opening file (3625)
Opening file (3626)
Opening file (3627)
Opening file (3628)
Opening file (3629)
Opening file (3630)
Opening file (3631)
Opening file (3632)
Opening file (3633)
Opening file (3634)
Opening file (3635)
Opening file (3636)
Opening file (3637)
Opening file (3638)
Opening file (3639)
Opening file (3640)
Opening file (3641)
Opening file (3642)
Opening file (3643)
Opening file (3644)
Opening file (3645)
Opening file (3646)
Opening file (3647)
Opening file (3648)
Opening file (3649)
Opening file (3650)
Opening file (3651)
Opening file (3652)
Opening file (3653)
Opening file (3654)
Opening file (3655)
Opening file (3656)
Opening file (3657)
Opening file (3658)
Opening file (3659)
Opening file (3660)
Opening file (3661)
Opening file (3662)
Opening file (3663)
Opening file (3664)
Opening file (3665)
Opening file (3666)
Opening file (3667)
Opening file (3668)
Opening file (3669)
Opening file (3670)
Opening file (3671)
Opening file (3672)
Opening file (3673)
Opening file (3674)
Opening file (3675)
Opening file (3676)
Opening file (3677)
Opening file (3678)
Opening file (3679)
Opening file (3680)
Opening file (3681)
Opening file (3682)
Opening file (3683)
Opening file (3684)
Opening file (3685)
Opening file (3686)
Opening file (3687)
Opening file (3688)
Opening file (3689)
Opening file (3690)
Opening file (3691)
Opening file (3692)
Opening file (3693)
Opening file (3694)
Opening file (3695)
Opening file (3696)
Opening file (3697)
Opening file (3698)
Opening file (3699)
Opening file (3700)
Opening file (3701)
Opening file (3702)
Opening file (3703)
Opening file (3704)
Opening file (3705)
Opening file (3706)
Opening file (3707)
Opening file (3708)
Opening file (3709)
Opening file (3710)
Opening file (3711)
Opening file (3712)
Opening file (3713)
Opening file (3714)
Opening file (3715)
Opening file (3716)
Opening file (3717)
Opening file (3718)
Opening file (3719)
Opening file (3720)
Opening file (3721)
Opening file (3722)
Opening file (3723)
Opening file (3724)
Opening file (3725)
Opening file (3726)
Opening file (3727)
Opening file (3728)
Opening file (3729)
Opening file (3730)
Opening file (3731)
Opening file (3732)
Opening file (3733)
Opening file (3734)
Opening file (3735)
Opening file (3736)
Opening file (3737)
Opening file (3738)
Opening file (3739)
Opening file (3740)
Opening file (3741)
Opening file (3742)
Opening file (3743)
Opening file (3744)
Opening file (3745)
Opening file (3746)
Opening file (3747)
Opening file (3748)
Opening file (3749)
Opening file (3750)
Opening file (3751)
Opening file (3752)
Opening file (3753)
Opening file (3754)
Opening file (3755)
Opening file (3756)
Opening file (3757)
Opening file (3758)
Opening file (3759)
Opening file (3760)
Opening file (3761)
Opening file (3762)
Opening file (3763)
Opening file (3764)
Opening file (3765)
Opening file (3766)
Opening file (3767)
Opening file (3768)
Opening file (3769)
Opening file (3770)
Opening file (3771)
Opening file (3772)
Opening file (3773)
Opening file (3774)
Opening file (3775)
Opening file (3776)
Opening file (3777)
Opening file (3778)
Opening file (3779)
Opening file (3780)
Opening file (3781)
Opening file (3782)
Opening file (3783)
Opening file (3784)
Opening file (3785)
Opening file (3786)
Opening file (3787)
Opening file (3788)
Opening file (3789)
Opening file (3790)
Opening file (3791)
Opening file (3792)
Opening file (3793)
Opening file (3794)
Opening file (3795)
Opening file (3796)
Opening file (3797)
Opening file (3798)
Opening file (3799)
Opening file (3800)
Opening file (3801)
Opening file (3802)
Opening file (3803)
Opening file (3804)
Opening file (3805)
Opening file (3806)
Opening file (3807)
Opening file (3808)
Opening file (3809)
Opening file (3810)
Opening file (3811)
Opening file (3812)
Opening file (3813)
Opening file (3814)
Opening file (3815)
Opening file (3816)
Opening file (3817)
Opening file (3818)
Opening file (3819)
Opening file (3820)
Opening file (3821)
Opening file (3822)
Opening file (3823)
Opening file (3824)
Opening file (3825)
Opening file (3826)
Opening file (3827)
Opening file (3828)
Opening file (3829)
Opening file (3830)
Opening file (3831)
Opening file (3832)
Opening file (3833)
Opening file (3834)
Opening file (3835)
Opening file (3836)
Opening file (3837)
Opening file (3838)
Opening file (3839)
Opening file (3840)
Opening file (3841)
Opening file (3842)
Opening file (3843)
Opening file (3844)
Opening file (3845)
Opening file (3846)
Opening file (3847)
Opening file (3848)