(srs2) C:\dropbox\phD\sequence-based-recommendations>python -d train.py -d ./ -m RNN --r_t LSTM --loss hinge --repeated_interactions --es_m StopAfterN --es_n 5
Using cuDNN version 7605 on context None
Mapped name None to device cuda: GeForce RTX 2080 SUPER (0000:09:00.0)
Compiling train...
Compilation done.
Compiling test...
Compilation done.
Opening file (1)
Opening file (1)
2020-11-19 20:48:10.307000 RNN multi-targets 2 batchs,  0.000533475593492  epochs in 1.79699993134 s
Last train cost :  1.0038784
recall :  0.087025723704
sps :  0.073732718894
Best  sps :  0.07373271889400922
blockbuster_share :  0.03125
item_coverage :  60
ndcg :  0.08031983002751028
user_coverage :  0.389400921659
-----------------
2 0.000533475593492 1.79699993134 1.0038784 0.087025723704 0.073732718894 0.03125 60 0.08031983002751028 0.389400921659
Save model in ./models/rnn_multitarget_hinge_b1.0_ml30_bs16_ne0.001_gc100_h50_Ua_lr0.001_b10.9_b20.999_nt1_ri_nf
Opening file (1)
2020-11-19 20:48:11.541000 RNN multi-targets 4 batchs,  0.00133368898373  epochs in 3.03099989891 s
Last train cost :  1.0093083
recall :  0.0961420298249
sps :  0.0806451612903
Best  sps :  0.08064516129032258
blockbuster_share :  0.0274914089347
item_coverage :  60
ndcg :  0.0893919101871781
user_coverage :  0.426267281106
-----------------
4 0.00133368898373 3.04699993134 1.0093083 0.0961420298249 0.0806451612903 0.0274914089347 60 0.0893919101871781 0.426267281106
Save model in ./models/rnn_multitarget_hinge_b1.0_ml30_bs16_ne0.001_gc100_h50_Ua_lr0.001_b10.9_b20.999_nt1_ri_nf
Opening file (1)
2020-11-19 20:48:12.838000 RNN multi-targets 8 batchs,  0.00400106695119  epochs in 4.32800006866 s
Last train cost :  1.0062128
recall :  0.113683305114
sps :  0.10599078341
Best  sps :  0.10599078341013825
blockbuster_share :  0.0225352112676
item_coverage :  61
ndcg :  0.10823629456969291
user_coverage :  0.490783410138
-----------------
8 0.00400106695119 4.34400010109 1.0062128 0.113683305114 0.10599078341 0.0225352112676 61 0.10823629456969291 0.490783410138
Save model in ./models/rnn_multitarget_hinge_b1.0_ml30_bs16_ne0.004_gc100_h50_Ua_lr0.001_b10.9_b20.999_nt1_ri_nf
Warning : Previous model could not be deleted
Opening file (1)
2020-11-19 20:48:14.182000 RNN multi-targets 16 batchs,  0.00746865830888  epochs in 5.67199993134 s
Last train cost :  0.99451697
recall :  0.147765069446
sps :  0.177419354839
Best  sps :  0.1774193548387097
blockbuster_share :  0.0228215767635
item_coverage :  51
ndcg :  0.14478156786622004
user_coverage :  0.539170506912
-----------------
16 0.00746865830888 5.67199993134 0.99451697 0.147765069446 0.177419354839 0.0228215767635 51 0.14478156786622004 0.539170506912
Save model in ./models/rnn_multitarget_hinge_b1.0_ml30_bs16_ne0.007_gc100_h50_Ua_lr0.001_b10.9_b20.999_nt1_ri_nf
Opening file (1)
2020-11-19 20:48:15.636000 RNN multi-targets 32 batchs,  0.0144038410243  epochs in 7.12599992752 s
Last train cost :  0.99274915
recall :  0.18039093617
sps :  0.235023041475
Best  sps :  0.2350230414746544
blockbuster_share :  0.023569023569
item_coverage :  37
ndcg :  0.1774102943666077
user_coverage :  0.594470046083
-----------------
32 0.0144038410243 7.12599992752 0.99274915 0.18039093617 0.235023041475 0.023569023569 37 0.1774102943666077 0.594470046083
Save model in ./models/rnn_multitarget_hinge_b1.0_ml30_bs16_ne0.014_gc100_h50_Ua_lr0.001_b10.9_b20.999_nt1_ri_nf
Opening file (1)
2020-11-19 20:48:17.323000 RNN multi-targets 64 batchs,  0.0248066150974  epochs in 8.81299996376 s
Last train cost :  0.9610609
recall :  0.222675868603
sps :  0.320276497696
Best  sps :  0.32027649769585254
blockbuster_share :  0.0261437908497
item_coverage :  19
ndcg :  0.2124221014649005
user_coverage :  0.63133640553
-----------------
64 0.0248066150974 8.82800006866 0.9610609 0.222675868603 0.320276497696 0.0261437908497 19 0.2124221014649005 0.63133640553
Save model in ./models/rnn_multitarget_hinge_b1.0_ml30_bs16_ne0.025_gc100_h50_Ua_lr0.001_b10.9_b20.999_nt1_ri_nf
Opening file (1)
2020-11-19 20:48:19.543000 RNN multi-targets 128 batchs,  0.0474793278208  epochs in 11.0329999924 s
Last train cost :  0.6969677
recall :  0.208525386807
sps :  0.334101382488
Best  sps :  0.33410138248847926
blockbuster_share :  0.0527182866557
item_coverage :  20
ndcg :  0.201158780508818
user_coverage :  0.647465437788
-----------------
128 0.0474793278208 11.0380001068 0.6969677 0.208525386807 0.334101382488 0.0527182866557 20 0.201158780508818 0.647465437788
Save model in ./models/rnn_multitarget_hinge_b1.0_ml30_bs16_ne0.047_gc100_h50_Ua_lr0.001_b10.9_b20.999_nt1_ri_nf
Opening file (1)
2020-11-19 20:48:22.751000 RNN multi-targets 256 batchs,  0.0992264603894  epochs in 14.2409999371 s
Last train cost :  0.5124283
recall :  0.303948867501
sps :  0.412442396313
Best  sps :  0.41244239631336405
blockbuster_share :  0.032955715757
item_coverage :  35
ndcg :  0.29589146371577757
user_coverage :  0.723502304147
-----------------
256 0.0992264603894 14.246999979 0.5124283 0.303948867501 0.412442396313 0.032955715757 35 0.29589146371577757 0.723502304147
Save model in ./models/rnn_multitarget_hinge_b1.0_ml30_bs16_ne0.099_gc100_h50_Ua_lr0.001_b10.9_b20.999_nt1_ri_nf
Opening file (1)
2020-11-19 20:48:28.003000 RNN multi-targets 512 batchs,  0.198986396372  epochs in 19.4930000305 s
Last train cost :  0.42849106
recall :  0.346053751225
sps :  0.513824884793
Best  sps :  0.5138248847926268
blockbuster_share :  0.0310378273521
item_coverage :  44
ndcg :  0.30818844335350193
user_coverage :  0.764976958525
-----------------
512 0.198986396372 19.4930000305 0.42849106 0.346053751225 0.513824884793 0.0310378273521 44 0.30818844335350193 0.764976958525
Save model in ./models/rnn_multitarget_hinge_b1.0_ml30_bs16_ne0.199_gc100_h50_Ua_lr0.001_b10.9_b20.999_nt1_ri_nf
Opening file (1)
2020-11-19 20:48:36.853000 RNN multi-targets 1024 batchs,  0.42784742598  epochs in 28.3429999352 s
Last train cost :  0.34533185
recall :  0.413401571058
sps :  0.569124423963
Best  sps :  0.5691244239631337
blockbuster_share :  0.026913372582
item_coverage :  53
ndcg :  0.37900571816120826
user_coverage :  0.804147465438
-----------------
1024 0.42784742598 28.3589999676 0.34533185 0.413401571058 0.569124423963 0.026913372582 53 0.37900571816120826 0.804147465438
Save model in ./models/rnn_multitarget_hinge_b1.0_ml30_bs16_ne0.428_gc100_h50_Ua_lr0.001_b10.9_b20.999_nt1_ri_nf
Opening file (2)
Opening file (1)
2020-11-19 20:48:53.323000 RNN multi-targets 2048 batchs,  1.09975993598  epochs in 44.8129999638 s
Last train cost :  0.3006811
recall :  0.438091538029
sps :  0.610599078341
Best  sps :  0.6105990783410138
blockbuster_share :  0.0253766851705
item_coverage :  57
ndcg :  0.4060007747301015
user_coverage :  0.820276497696
-----------------
2048 1.09975993598 44.8289999962 0.3006811 0.438091538029 0.610599078341 0.0253766851705 57 0.4060007747301015 0.820276497696
Save model in ./models/rnn_multitarget_hinge_b1.0_ml30_bs16_ne1.1_gc100_h50_Ua_lr0.001_b10.9_b20.999_nt1_ri_nf
Opening file (3)
Opening file (1)
2020-11-19 20:49:25.206000 RNN multi-targets 4096 batchs,  2.20005334756  epochs in 76.6960000992 s
Last train cost :  0.26196718
recall :  0.480596888165
sps :  0.691244239631
Best  sps :  0.6912442396313364
blockbuster_share :  0.0257234726688
item_coverage :  70
ndcg :  0.40445906862763725
user_coverage :  0.889400921659
-----------------
4096 2.20005334756 76.6960000992 0.26196718 0.480596888165 0.691244239631 0.0257234726688 70 0.40445906862763725 0.889400921659
Save model in ./models/rnn_multitarget_hinge_b1.0_ml30_bs16_ne2.2_gc100_h50_Ua_lr0.001_b10.9_b20.999_nt1_ri_nf
Opening file (4)
Opening file (5)
Opening file (1)
2020-11-19 20:50:27.776000 RNN multi-targets 8192 batchs,  4.43104827954  epochs in 139.266000032 s
Last train cost :  0.23328245
recall :  0.543303058121
sps :  0.774193548387
Best  sps :  0.7741935483870968
blockbuster_share :  0.0243902439024
item_coverage :  79
ndcg :  0.45481035340774395
user_coverage :  0.935483870968
-----------------
8192 4.43104827954 139.280999899 0.23328245 0.543303058121 0.774193548387 0.0243902439024 79 0.45481035340774395 0.935483870968
Save model in ./models/rnn_multitarget_hinge_b1.0_ml30_bs16_ne4.431_gc100_h50_Ua_lr0.001_b10.9_b20.999_nt1_ri_nf
Opening file (6)
Opening file (7)
Opening file (8)
Opening file (9)
Opening file (10)
Opening file (1)
2020-11-19 20:52:31.854000 RNN multi-targets 16384 batchs,  9.10402774073  epochs in 263.344000101 s
Last train cost :  0.20834693
recall :  0.569706528562
sps :  0.792626728111
Best  sps :  0.7926267281105991
blockbuster_share :  0.0231213872832
item_coverage :  88
ndcg :  0.4899771973461695
user_coverage :  0.944700460829
-----------------
16384 9.10402774073 263.344000101 0.20834693 0.569706528562 0.792626728111 0.0231213872832 88 0.4899771973461695 0.944700460829
Save model in ./models/rnn_multitarget_hinge_b1.0_ml30_bs16_ne9.104_gc100_h50_Ua_lr0.001_b10.9_b20.999_nt1_ri_nf
Opening file (11)
Opening file (12)
Opening file (13)
Opening file (14)
Opening file (15)
Opening file (16)
Opening file (17)
Opening file (18)
Opening file (19)
Opening file (1)
2020-11-19 20:56:37.925000 RNN multi-targets 32768 batchs,  18.2088556949  epochs in 509.414999962 s
Last train cost :  0.18602285
recall :  0.573528908142
sps :  0.801843317972
Best  sps :  0.8018433179723502
blockbuster_share :  0.0226148409894
item_coverage :  89
ndcg :  0.5075957963573227
user_coverage :  0.942396313364
-----------------
32768 18.2088556949 509.414999962 0.18602285 0.573528908142 0.801843317972 0.0226148409894 89 0.5075957963573227 0.942396313364
Save model in ./models/rnn_multitarget_hinge_b1.0_ml30_bs16_ne18.209_gc100_h50_Ua_lr0.001_b10.9_b20.999_nt1_ri_nf
Opening file (20)
Opening file (21)
Opening file (22)
Opening file (23)
Opening file (24)
Opening file (25)
Opening file (26)
Opening file (27)
Opening file (28)
Opening file (29)
Opening file (30)
Opening file (31)
Opening file (32)
Opening file (33)
Opening file (34)
Opening file (35)
Opening file (36)
Opening file (37)
Opening file (1)
2020-11-19 21:04:48.352000 RNN multi-targets 65536 batchs,  36.4451853828  epochs in 999.842000008 s
Last train cost :  0.16221696
recall :  0.588897379577
sps :  0.834101382488
Best  sps :  0.8341013824884793
blockbuster_share :  0.0213940648723
item_coverage :  92
ndcg :  0.5227185605627916
user_coverage :  0.94930875576
-----------------
65536 36.4451853828 999.842000008 0.16221696 0.588897379577 0.834101382488 0.0213940648723 92 0.5227185605627916 0.94930875576
Save model in ./models/rnn_multitarget_hinge_b1.0_ml30_bs16_ne36.445_gc100_h50_Ua_lr0.001_b10.9_b20.999_nt1_ri_nf
Opening file (38)
Opening file (39)
Opening file (40)
Opening file (41)
Opening file (42)
Opening file (43)
Opening file (44)
Opening file (45)
Opening file (46)
Opening file (47)
Opening file (48)
Opening file (49)
Opening file (50)
Opening file (51)
Opening file (52)
Opening file (53)
Opening file (54)
Opening file (55)
Opening file (56)
Opening file (57)
Opening file (58)
Opening file (59)
Opening file (60)
Opening file (61)
Opening file (62)
Opening file (63)
Opening file (64)
Opening file (65)
Opening file (66)
Opening file (67)
Opening file (68)
Opening file (69)
Opening file (70)
Opening file (71)
Opening file (72)
Opening file (73)
Opening file (74)
Opening file (1)
2020-11-19 21:21:09.353000 RNN multi-targets 131072 batchs,  73.1307015204  epochs in 1980.84299994 s
Last train cost :  0.13781351
recall :  0.558381445856
sps :  0.797235023041
Best  sps :  0.8341013824884793
blockbuster_share :  0.0211893369788
item_coverage :  91
ndcg :  0.4955851827778561
user_coverage :  0.905529953917
-----------------
131072 73.1307015204 1980.84299994 0.13781351 0.558381445856 0.797235023041 0.0211893369788 91 0.4955851827778561 0.905529953917
Opening file (75)
Opening file (76)
Opening file (77)
Opening file (78)
Opening file (79)
Opening file (80)
Opening file (81)
Opening file (82)
Opening file (83)
Opening file (84)
Opening file (85)
Opening file (86)
Opening file (87)
Opening file (88)
Opening file (89)
Opening file (90)
Opening file (91)
Opening file (92)
Opening file (93)
Opening file (94)
Opening file (95)
Opening file (96)
Opening file (97)
Opening file (98)
Opening file (99)
Opening file (100)
Opening file (101)
Opening file (102)
Opening file (103)
Opening file (104)
Opening file (105)
Opening file (106)
Opening file (107)
Opening file (108)
Opening file (109)
Opening file (110)
Opening file (111)
Opening file (112)
Opening file (113)
Opening file (114)
Opening file (115)
Opening file (116)
Opening file (117)
Opening file (118)
Opening file (119)
Opening file (120)
Opening file (121)
Opening file (122)
Opening file (123)
Opening file (124)
Opening file (125)
Opening file (126)
Opening file (127)
Opening file (128)
Opening file (129)
Opening file (130)
Opening file (131)
Opening file (132)
Opening file (133)
Opening file (134)
Opening file (135)
Opening file (136)
Opening file (137)
Opening file (138)
Opening file (139)
Opening file (140)
Opening file (141)
Opening file (142)
Opening file (143)
Opening file (144)
Opening file (145)
Opening file (146)
Opening file (147)
Opening file (1)
2020-11-19 21:53:49.709000 RNN multi-targets 262144 batchs,  146.264870632  epochs in 3941.19900012 s
Last train cost :  0.116384864
recall :  0.545453440982
sps :  0.774193548387
Best  sps :  0.8341013824884793
blockbuster_share :  0.0202231520223
item_coverage :  90
ndcg :  0.4903331867396348
user_coverage :  0.891705069124
-----------------
262144 146.264870632 3941.19900012 0.116384864 0.545453440982 0.774193548387 0.0202231520223 90 0.4903331867396348 0.891705069124
Opening file (148)
Opening file (149)
Opening file (150)
Opening file (151)
Opening file (152)
Opening file (153)
Opening file (154)
Opening file (155)
Opening file (156)
Opening file (157)
Opening file (158)
Opening file (159)
Opening file (160)
Opening file (161)
Opening file (162)
Opening file (163)
Opening file (164)
Opening file (165)
Opening file (166)
Opening file (167)
Opening file (168)
Opening file (169)
Opening file (170)
Opening file (171)
Opening file (172)
Opening file (173)
Opening file (174)
Opening file (175)
Opening file (176)
Opening file (177)
Opening file (178)
Opening file (179)
Opening file (180)
Opening file (181)
Opening file (182)
Opening file (183)
Opening file (184)
Opening file (185)
Opening file (186)
Opening file (187)
Opening file (188)
Opening file (189)
Opening file (190)
Opening file (191)
Opening file (192)
Opening file (193)
Opening file (194)
Opening file (195)
Opening file (196)
Opening file (197)
Opening file (198)
Opening file (199)
Opening file (200)
Opening file (201)
Opening file (202)
Opening file (203)
Opening file (204)
Opening file (205)
Opening file (206)
Opening file (207)
Opening file (208)
Opening file (209)
Opening file (210)
Opening file (211)
Opening file (212)
Opening file (213)
Opening file (214)
Opening file (215)
Opening file (216)
Opening file (217)
Opening file (218)
Opening file (219)
Opening file (220)
Opening file (221)
Opening file (222)
Opening file (223)
Opening file (224)
Opening file (225)
Opening file (226)
Opening file (227)
Opening file (228)
Opening file (229)
Opening file (230)
Opening file (231)
Opening file (232)
Opening file (233)
Opening file (234)
Opening file (235)
Opening file (236)
Opening file (237)
Opening file (238)
Opening file (239)
Opening file (240)
Opening file (241)
Opening file (242)
Opening file (243)
Opening file (244)
Opening file (245)
Opening file (246)
Opening file (247)
Opening file (248)
Opening file (249)
Opening file (250)
Opening file (251)
Opening file (252)
Opening file (253)
Opening file (254)
Opening file (255)
Opening file (256)
Opening file (257)
Opening file (258)
Opening file (259)
Opening file (260)
Opening file (261)
Opening file (262)
Opening file (263)
Opening file (264)
Opening file (265)
Opening file (266)
Opening file (267)
Opening file (268)
Opening file (269)
Opening file (270)
Opening file (271)
Opening file (272)
Opening file (273)
Opening file (274)
Opening file (275)
Opening file (276)
Opening file (277)
Opening file (278)
Opening file (279)
Opening file (280)
Opening file (281)
Opening file (282)
Opening file (283)
Opening file (284)
Opening file (285)
Opening file (286)
Opening file (287)
Opening file (288)
Opening file (289)
Opening file (290)
Opening file (291)
Opening file (292)
Opening file (293)
Opening file (1)
2020-11-19 22:59:09.898000 RNN multi-targets 524288 batchs,  292.583889037  epochs in 7861.38800001 s
Last train cost :  0.100108944
recall :  0.502109587914
sps :  0.728110599078
Best  sps :  0.8341013824884793
blockbuster_share :  0.0212143379663
item_coverage :  87
ndcg :  0.46689439157009754
user_coverage :  0.864055299539
-----------------
524288 292.583889037 7861.38800001 0.100108944 0.502109587914 0.728110599078 0.0212143379663 87 0.46689439157009754 0.864055299539
Opening file (294)
Opening file (295)
Opening file (296)
Opening file (297)
Opening file (298)
Opening file (299)
Opening file (300)
Opening file (301)
Opening file (302)
Opening file (303)
Opening file (304)
Opening file (305)
Opening file (306)
Opening file (307)
Opening file (308)
Opening file (309)
Opening file (310)
Opening file (311)
Opening file (312)
Opening file (313)
Opening file (314)
Opening file (315)
Opening file (316)
Opening file (317)
Opening file (318)
Opening file (319)
Opening file (320)
Opening file (321)
Opening file (322)
Opening file (323)
Opening file (324)
Opening file (325)
Opening file (326)
Opening file (327)
Opening file (328)
Opening file (329)
Opening file (330)
Opening file (331)
Opening file (332)
Opening file (333)
Opening file (334)
Opening file (335)
Opening file (336)
Opening file (337)
Opening file (338)
Opening file (339)
Opening file (340)
Opening file (341)
Opening file (342)
Opening file (343)
Opening file (344)
Opening file (345)
Opening file (346)
Opening file (347)
Opening file (348)
Opening file (349)
Opening file (350)
Opening file (351)
Opening file (352)
Opening file (353)
Opening file (354)
Opening file (355)
Opening file (356)
Opening file (357)
Opening file (358)
Opening file (359)
Opening file (360)
Opening file (361)
Opening file (362)
Opening file (363)
Opening file (364)
Opening file (365)
Opening file (366)
Opening file (367)
Opening file (368)
Opening file (369)
Opening file (370)
Opening file (371)
Opening file (372)
Opening file (373)
Opening file (374)
Opening file (375)
Opening file (376)
Opening file (377)
Opening file (378)
Opening file (379)
Opening file (380)
Opening file (381)
Opening file (382)
Opening file (383)
Opening file (384)
Opening file (385)
Opening file (386)
Opening file (387)
Opening file (388)
Opening file (389)
Opening file (390)
Opening file (391)
Opening file (392)
Opening file (393)
Opening file (394)
Opening file (395)
Opening file (396)
Opening file (397)
Opening file (398)
Opening file (399)
Opening file (400)
Opening file (401)
Opening file (402)
Opening file (403)
Opening file (404)
Opening file (405)
Opening file (406)
Opening file (407)
Opening file (408)
Opening file (409)
Opening file (410)
Opening file (411)
Opening file (412)
Opening file (413)
Opening file (414)
Opening file (415)
Opening file (416)
Opening file (417)
Opening file (418)
Opening file (419)
Opening file (420)
Opening file (421)
Opening file (422)
Opening file (423)
Opening file (424)
Opening file (425)
Opening file (426)
Opening file (427)
Opening file (428)
Opening file (429)
Opening file (430)
Opening file (431)
Opening file (432)
Opening file (433)
Opening file (434)
Opening file (435)
Opening file (436)
Opening file (437)
Opening file (438)
Opening file (439)
Opening file (440)
Opening file (441)
Opening file (442)
Opening file (443)
Opening file (444)
Opening file (445)
Opening file (446)
Opening file (447)
Opening file (448)
Opening file (449)
Opening file (450)
Opening file (451)
Opening file (452)
Opening file (453)
Opening file (454)
Opening file (455)
Opening file (456)
Opening file (457)
Opening file (458)
Opening file (459)
Opening file (460)
Opening file (461)
Opening file (462)
Opening file (463)
Opening file (464)
Opening file (465)
Opening file (466)
Opening file (467)
Opening file (468)
Opening file (469)
Opening file (470)
Opening file (471)
Opening file (472)
Opening file (473)
Opening file (474)
Opening file (475)
Opening file (476)
Opening file (477)
Opening file (478)
Opening file (479)
Opening file (480)
Opening file (481)
Opening file (482)
Opening file (483)
Opening file (484)
Opening file (485)
Opening file (486)
Opening file (487)
Opening file (488)
Opening file (489)
Opening file (490)
Opening file (491)
Opening file (492)
Opening file (493)
Opening file (494)
Opening file (495)
Opening file (496)
Opening file (497)
Opening file (498)
Opening file (499)
Opening file (500)
Opening file (501)
Opening file (502)
Opening file (503)
Opening file (504)
Opening file (505)
Opening file (506)
Opening file (507)
Opening file (508)
Opening file (509)
Opening file (510)
Opening file (511)
Opening file (512)
Opening file (513)
Opening file (514)
Opening file (515)
Opening file (516)
Opening file (517)
Opening file (518)
Opening file (519)
Opening file (520)
Opening file (521)
Opening file (522)
Opening file (523)
Opening file (524)
Opening file (525)
Opening file (526)
Opening file (527)
Opening file (528)
Opening file (529)
Opening file (530)
Opening file (531)
Opening file (532)
Opening file (533)
Opening file (534)
Opening file (535)
Opening file (536)
Opening file (537)
Opening file (538)
Opening file (539)
Opening file (540)
Opening file (541)
Opening file (542)
Opening file (543)
Opening file (544)
Opening file (545)
Opening file (546)
Opening file (547)
Opening file (548)
Opening file (549)
Opening file (550)
Opening file (551)
Opening file (552)
Opening file (553)
Opening file (554)
Opening file (555)
Opening file (556)
Opening file (557)
Opening file (558)
Opening file (559)
Opening file (560)
Opening file (561)
Opening file (562)
Opening file (563)
Opening file (564)
Opening file (565)
Opening file (566)
Opening file (567)
Opening file (568)
Opening file (569)
Opening file (570)
Opening file (571)
Opening file (572)
Opening file (573)
Opening file (574)
Opening file (575)
Opening file (576)
Opening file (577)
Opening file (578)
Opening file (579)
Opening file (580)
Opening file (581)
Opening file (582)
Opening file (583)
Opening file (584)
Opening file (585)
Opening file (586)
Opening file (1)
2020-11-20 01:09:43.291000 RNN multi-targets 1048576 batchs,  585.345692185  epochs in 15694.7809999 s
Last train cost :  0.089708515
recall :  0.522276121705
sps :  0.735023041475
Best  sps :  0.8341013824884793
blockbuster_share :  0.0230141054195
item_coverage :  90
ndcg :  0.4794770021507961
user_coverage :  0.889400921659
-----------------
1048576 585.345692185 15694.7809999 0.089708515 0.522276121705 0.735023041475 0.0230141054195 90 0.4794770021507961 0.889400921659
Opening file (587)
Opening file (588)
Opening file (589)
Opening file (590)
Opening file (591)
Opening file (592)
Opening file (593)
Opening file (594)
Opening file (595)
Opening file (596)
Opening file (597)
Opening file (598)
Opening file (599)
Opening file (600)
Opening file (601)
Opening file (602)
Opening file (603)
Opening file (604)
Opening file (605)
Opening file (606)
Opening file (607)
Opening file (608)
Opening file (609)
Opening file (610)
Opening file (611)
Opening file (612)
Opening file (613)
Opening file (614)
Opening file (615)
Opening file (616)
Opening file (617)
Opening file (618)
Opening file (619)
Opening file (620)
Opening file (621)
Opening file (622)
Opening file (623)
Opening file (624)
Opening file (625)
Opening file (626)
Opening file (627)
Opening file (628)
Opening file (629)
Opening file (630)
Opening file (631)
Opening file (632)
Opening file (633)
Opening file (634)
Opening file (635)
Opening file (636)
Opening file (637)
Opening file (638)
Opening file (639)
Opening file (640)
Opening file (641)
Opening file (642)
Opening file (643)
Opening file (644)
Opening file (645)
Opening file (646)
Opening file (647)
Opening file (648)
Opening file (649)
Opening file (650)
Opening file (651)
Opening file (652)
Opening file (653)
Opening file (654)
Opening file (655)
Opening file (656)
Opening file (657)
Opening file (658)
Opening file (659)
Opening file (660)
Opening file (661)
Opening file (662)
Opening file (663)
Opening file (664)
Opening file (665)
Opening file (666)
Opening file (667)
Opening file (668)
Opening file (669)
Opening file (670)
Opening file (671)
Opening file (672)
Opening file (673)
Opening file (674)
Opening file (675)
Opening file (676)
Opening file (677)
Opening file (678)
Opening file (679)
Opening file (680)
Opening file (681)
Opening file (682)
Opening file (683)
Opening file (684)
Opening file (685)
Opening file (686)
Opening file (687)
Opening file (688)
Opening file (689)
Opening file (690)
Opening file (691)
Opening file (692)
Opening file (693)
Opening file (694)
Opening file (695)
Opening file (696)
Opening file (697)
Opening file (698)
Opening file (699)
Opening file (700)
Opening file (701)
Opening file (702)
Opening file (703)
Opening file (704)
Opening file (705)
Opening file (706)
Opening file (707)
Opening file (708)
Opening file (709)
Opening file (710)
Opening file (711)
Opening file (712)
Opening file (713)
Opening file (714)
Opening file (715)
Opening file (716)
Opening file (717)
Opening file (718)
Opening file (719)
Opening file (720)
Opening file (721)
Opening file (722)
Opening file (723)
Opening file (724)
Opening file (725)
Opening file (726)
Opening file (727)
Opening file (728)
Opening file (729)
Opening file (730)
Opening file (731)
Opening file (732)
Opening file (733)
Opening file (734)
Opening file (735)
Opening file (736)
Opening file (737)
Opening file (738)
Opening file (739)
Opening file (740)
Opening file (741)
Opening file (742)
Opening file (743)
Opening file (744)
Opening file (745)
Opening file (746)
Opening file (747)
Opening file (748)
Opening file (749)
Opening file (750)
Opening file (751)
Opening file (752)
Opening file (753)
Opening file (754)
Opening file (755)
Opening file (756)
Opening file (757)
Opening file (758)
Opening file (759)
Opening file (760)
Opening file (761)
Opening file (762)
Opening file (763)
Opening file (764)
Opening file (765)
Opening file (766)
Opening file (767)
Opening file (768)
Opening file (769)
Opening file (770)
Opening file (771)
Opening file (772)
Opening file (773)
Opening file (774)
Opening file (775)
Opening file (776)
Opening file (777)
Opening file (778)
Opening file (779)
Opening file (780)
Opening file (781)
Opening file (782)
Opening file (783)
Opening file (784)
Opening file (785)
Opening file (786)
Opening file (787)
Opening file (788)
Opening file (789)
Opening file (790)
Opening file (791)
Opening file (792)
Opening file (793)
Opening file (794)
Opening file (795)
Opening file (796)
Opening file (797)
Opening file (798)
Opening file (799)
Opening file (800)
Opening file (801)
Opening file (802)
Opening file (803)
Opening file (804)
Opening file (805)
Opening file (806)
Opening file (807)
Opening file (808)
Opening file (809)
Opening file (810)
Opening file (811)
Opening file (812)
Opening file (813)
Opening file (814)
Opening file (815)
Opening file (816)
Opening file (817)
Opening file (818)
Opening file (819)
Opening file (820)
Opening file (821)
Opening file (822)
Opening file (823)
Opening file (824)
Opening file (825)
Opening file (826)
Opening file (827)
Opening file (828)
Opening file (829)
Opening file (830)
Opening file (831)
Opening file (832)
Opening file (833)
Opening file (834)
Opening file (835)
Opening file (836)
Opening file (837)
Opening file (838)
Opening file (839)
Opening file (840)
Opening file (841)
Opening file (842)
Opening file (843)
Opening file (844)
Opening file (845)
Opening file (846)
Opening file (847)
Opening file (848)
Opening file (849)
Opening file (850)
Opening file (851)
Opening file (852)
Opening file (853)
Opening file (854)
Opening file (855)
Opening file (856)
Opening file (857)
Opening file (858)
Opening file (859)
Opening file (860)
Opening file (861)
Opening file (862)
Opening file (863)
Opening file (864)
Opening file (865)
Opening file (866)
Opening file (867)
Opening file (868)
Opening file (869)
Opening file (870)
Opening file (871)
Opening file (872)
Opening file (873)
Opening file (874)
Opening file (875)
Opening file (876)
Opening file (877)
Opening file (878)
Opening file (879)
Opening file (880)
Opening file (881)
Opening file (882)
Opening file (883)
Opening file (884)
Opening file (885)
Opening file (886)
Opening file (887)
Opening file (888)
Opening file (889)
Opening file (890)
Opening file (891)
Opening file (892)
Opening file (893)
Opening file (894)
Opening file (895)
Opening file (896)
Opening file (897)
Opening file (898)
Opening file (899)
Opening file (900)
Opening file (901)
Opening file (902)
Opening file (903)
Opening file (904)
Opening file (905)
Opening file (906)
Opening file (907)
Opening file (908)
Opening file (909)
Opening file (910)
Opening file (911)
Opening file (912)
Opening file (913)
Opening file (914)
Opening file (915)
Opening file (916)
Opening file (917)
Opening file (918)
Opening file (919)
Opening file (920)
Opening file (921)
Opening file (922)
Opening file (923)
Opening file (924)
Opening file (925)
Opening file (926)
Opening file (927)
Opening file (928)
Opening file (929)
Opening file (930)
Opening file (931)
Opening file (932)
Opening file (933)
Opening file (934)
Opening file (935)
Opening file (936)
Opening file (937)
Opening file (938)
Opening file (939)
Opening file (940)
Opening file (941)
Opening file (942)
Opening file (943)
Opening file (944)
Opening file (945)
Opening file (946)
Opening file (947)
Opening file (948)
Opening file (949)
Opening file (950)
Opening file (951)
Opening file (952)
Opening file (953)
Opening file (954)
Opening file (955)
Opening file (956)
Opening file (957)
Opening file (958)
Opening file (959)
Opening file (960)
Opening file (961)
Opening file (962)
Opening file (963)
Opening file (964)
Opening file (965)
Opening file (966)
Opening file (967)
Opening file (968)
Opening file (969)
Opening file (970)
Opening file (971)
Opening file (972)
Opening file (973)
Opening file (974)
Opening file (975)
Opening file (976)
Opening file (977)
Opening file (978)
Opening file (979)
Opening file (980)
Opening file (981)
Opening file (982)
Opening file (983)
Opening file (984)
Opening file (985)
Opening file (986)
Opening file (987)
Opening file (988)
Opening file (989)
Opening file (990)
Opening file (991)
Opening file (992)
Opening file (993)
Opening file (994)
Opening file (995)
Opening file (996)
Opening file (997)
Opening file (998)
Opening file (999)
Opening file (1000)
Opening file (1001)
Opening file (1002)
Opening file (1003)
Opening file (1004)
Opening file (1005)
Opening file (1006)
Opening file (1007)
Opening file (1008)
Opening file (1009)
Opening file (1010)
Opening file (1011)
Opening file (1012)
Opening file (1013)
Opening file (1014)
Opening file (1015)
Opening file (1016)
Opening file (1017)
Opening file (1018)
Opening file (1019)
Opening file (1020)
Opening file (1021)
Opening file (1022)
Opening file (1023)
Opening file (1024)
Opening file (1025)
Opening file (1026)
Opening file (1027)
Opening file (1028)
Opening file (1029)
Opening file (1030)
Opening file (1031)
Opening file (1032)
Opening file (1033)
Opening file (1034)
Opening file (1035)
Opening file (1036)
Opening file (1037)
Opening file (1038)
Opening file (1039)
Opening file (1040)
Opening file (1041)
Opening file (1042)
Opening file (1043)
Opening file (1044)
Opening file (1045)
Opening file (1046)
Opening file (1047)
Opening file (1048)
Opening file (1049)
Opening file (1050)
Opening file (1051)
Opening file (1052)
Opening file (1053)
Opening file (1054)
Opening file (1055)
Opening file (1056)
Opening file (1057)
Opening file (1058)
Opening file (1059)
Opening file (1060)
Opening file (1061)
Opening file (1062)
Opening file (1063)
Opening file (1064)
Opening file (1065)
Opening file (1066)
Opening file (1067)
Opening file (1068)
Opening file (1069)
Opening file (1070)
Opening file (1071)
Opening file (1072)
Opening file (1073)
Opening file (1074)
Opening file (1075)
Opening file (1076)
Opening file (1077)
Opening file (1078)
Opening file (1079)
Opening file (1080)
Opening file (1081)
Opening file (1082)
Opening file (1083)
Opening file (1084)
Opening file (1085)
Opening file (1086)
Opening file (1087)
Opening file (1088)
Opening file (1089)
Opening file (1090)
Opening file (1091)
Opening file (1092)
Opening file (1093)
Opening file (1094)
Opening file (1095)
Opening file (1096)
Opening file (1097)
Opening file (1098)
Opening file (1099)
Opening file (1100)
Opening file (1101)
Opening file (1102)
Opening file (1103)
Opening file (1104)
Opening file (1105)
Opening file (1106)
Opening file (1107)
Opening file (1108)
Opening file (1109)
Opening file (1110)
Opening file (1111)
Opening file (1112)
Opening file (1113)
Opening file (1114)
Opening file (1115)
Opening file (1116)
Opening file (1117)
Opening file (1118)
Opening file (1119)
Opening file (1120)
Opening file (1121)
Opening file (1122)
Opening file (1123)
Opening file (1124)
Opening file (1125)
Opening file (1126)
Opening file (1127)
Opening file (1128)
Opening file (1129)
Opening file (1130)
Opening file (1131)
Opening file (1132)
Opening file (1133)
Opening file (1134)
Opening file (1135)
Opening file (1136)
Opening file (1137)
Opening file (1138)
Opening file (1139)
Opening file (1140)
Opening file (1141)
Opening file (1142)
Opening file (1143)
Opening file (1144)
Opening file (1145)
Opening file (1146)
Opening file (1147)
Opening file (1148)
Opening file (1149)
Opening file (1150)
Opening file (1151)
Opening file (1152)
Opening file (1153)
Opening file (1154)
Opening file (1155)
Opening file (1156)
Opening file (1157)
Opening file (1158)
Opening file (1159)
Opening file (1160)
Opening file (1161)
Opening file (1162)
Opening file (1163)
Opening file (1164)
Opening file (1165)
Opening file (1166)
Opening file (1167)
Opening file (1168)
Opening file (1169)
Opening file (1170)
Opening file (1171)
Opening file (1)
2020-11-20 05:30:57.937000 RNN multi-targets 2097152 batchs,  1170.84875967  epochs in 31369.427 s
Last train cost :  0.08443415
recall :  0.481816201742
sps :  0.71198156682
Best  sps :  0.8341013824884793
blockbuster_share :  0.0226073850791
item_coverage :  85
ndcg :  0.46174439013255725
user_coverage :  0.845622119816
-----------------
2097152 1170.84875967 31369.427 0.08443415 0.481816201742 0.71198156682 0.0226073850791 85 0.46174439013255725 0.845622119816
Opening file (1172)
Opening file (1173)
Opening file (1174)
Opening file (1175)
Opening file (1176)
Opening file (1177)
Opening file (1178)
Opening file (1179)
Opening file (1180)
Opening file (1181)
Opening file (1182)
Opening file (1183)
Opening file (1184)
Opening file (1185)
Opening file (1186)
Opening file (1187)
Opening file (1188)
Opening file (1189)
Opening file (1190)
Opening file (1191)
Opening file (1192)
Opening file (1193)
Opening file (1194)
Opening file (1195)
Opening file (1196)
Opening file (1197)
Opening file (1198)
Opening file (1199)
Opening file (1200)
Opening file (1201)
Opening file (1202)
Opening file (1203)
Opening file (1204)
Opening file (1205)
Opening file (1206)
Opening file (1207)
Opening file (1208)
Opening file (1209)
Opening file (1210)
Opening file (1211)
Opening file (1212)
Opening file (1213)
Opening file (1214)
Opening file (1215)
Opening file (1216)
Opening file (1217)
Opening file (1218)
Opening file (1219)
Opening file (1220)
Opening file (1221)
Opening file (1222)
Opening file (1223)
Opening file (1224)
Opening file (1225)
Opening file (1226)
Opening file (1227)
Opening file (1228)
Opening file (1229)
Opening file (1230)
Opening file (1231)
Opening file (1232)
Opening file (1233)
Opening file (1234)
Opening file (1235)
Opening file (1236)
Opening file (1237)
Opening file (1238)
Opening file (1239)
Opening file (1240)
Opening file (1241)
Opening file (1242)
Opening file (1243)
Opening file (1244)
Opening file (1245)
Opening file (1246)
Opening file (1247)
Opening file (1248)
Opening file (1249)
Opening file (1250)
Opening file (1251)
Opening file (1252)
Opening file (1253)
Opening file (1254)
Opening file (1255)
Opening file (1256)
Opening file (1257)
Opening file (1258)
Opening file (1259)
Opening file (1260)
Opening file (1261)
Opening file (1262)
Opening file (1263)
Opening file (1264)
Opening file (1265)
Opening file (1266)
Opening file (1267)
Opening file (1268)
Opening file (1269)
Opening file (1270)
Opening file (1271)
Opening file (1272)
Opening file (1273)
Opening file (1274)
Opening file (1275)
Opening file (1276)
Opening file (1277)
Opening file (1278)
Opening file (1279)
Opening file (1280)
Opening file (1281)
Opening file (1282)
Opening file (1283)
Opening file (1284)
Opening file (1285)
Opening file (1286)
Opening file (1287)
Opening file (1288)
Opening file (1289)
Opening file (1290)
Opening file (1291)
Opening file (1292)
Opening file (1293)
Opening file (1294)
Opening file (1295)
Opening file (1296)
Opening file (1297)
Opening file (1298)
Opening file (1299)
Opening file (1300)
Opening file (1301)
Opening file (1302)
Opening file (1303)
Opening file (1304)
Opening file (1305)
Opening file (1306)
Opening file (1307)
Opening file (1308)
Opening file (1309)
Opening file (1310)
Opening file (1311)
Opening file (1312)
Opening file (1313)
Opening file (1314)
Opening file (1315)
Opening file (1316)
Opening file (1317)
Opening file (1318)
Opening file (1319)
Opening file (1320)
Opening file (1321)
Opening file (1322)
Opening file (1323)
Opening file (1324)
Opening file (1325)
Opening file (1326)
Opening file (1327)
Opening file (1328)
Opening file (1329)
Opening file (1330)
Opening file (1331)
Opening file (1332)
Opening file (1333)
Opening file (1334)
Opening file (1335)
Opening file (1336)
Opening file (1337)
Opening file (1338)
Opening file (1339)
Opening file (1340)
Opening file (1341)
Opening file (1342)
Opening file (1343)
Opening file (1344)
Opening file (1345)
Opening file (1346)
Opening file (1347)
Opening file (1348)
Opening file (1349)
Opening file (1350)
Opening file (1351)
Opening file (1352)
Opening file (1353)
Opening file (1354)
Opening file (1355)
Opening file (1356)
Opening file (1357)
Opening file (1358)
Opening file (1359)
Opening file (1360)
Opening file (1361)
Opening file (1362)
Opening file (1363)
Opening file (1364)
Opening file (1365)
Opening file (1366)
Opening file (1367)
Opening file (1368)
Opening file (1369)
Opening file (1370)
Opening file (1371)
Opening file (1372)
Opening file (1373)
Opening file (1374)
Opening file (1375)
Opening file (1376)
Opening file (1377)
Opening file (1378)
Opening file (1379)
Opening file (1380)
Opening file (1381)
Opening file (1382)
Opening file (1383)
Opening file (1384)
Opening file (1385)
Opening file (1386)
Opening file (1387)
Opening file (1388)
Opening file (1389)
Opening file (1390)
Opening file (1391)
Opening file (1392)
Opening file (1393)
Opening file (1394)
Opening file (1395)
Opening file (1396)
Opening file (1397)
Opening file (1398)
Opening file (1399)
Opening file (1400)
Opening file (1401)
Opening file (1402)
Opening file (1403)
Opening file (1404)
Opening file (1405)
Opening file (1406)
Opening file (1407)
Opening file (1408)
Opening file (1409)
Opening file (1410)
Opening file (1411)
Opening file (1412)
Opening file (1413)
Opening file (1414)
Opening file (1415)
Opening file (1416)
Opening file (1417)
Opening file (1418)
Opening file (1419)
Opening file (1420)
Opening file (1421)
Opening file (1422)
Opening file (1423)
Opening file (1424)
Opening file (1425)
Opening file (1426)
Opening file (1427)
Opening file (1428)
Opening file (1429)
Opening file (1430)
Opening file (1431)
Opening file (1432)
Opening file (1433)
Opening file (1434)
Opening file (1435)
Opening file (1436)
Opening file (1437)
Opening file (1438)
Opening file (1439)
Opening file (1440)
Opening file (1441)
Opening file (1442)
Opening file (1443)
Opening file (1444)
Opening file (1445)
Opening file (1446)
Opening file (1447)
Opening file (1448)
Opening file (1449)
Opening file (1450)
Opening file (1451)
Opening file (1452)
Opening file (1453)
Opening file (1454)
Opening file (1455)
Opening file (1456)
Opening file (1457)
Opening file (1458)
Opening file (1459)
Opening file (1460)
Opening file (1461)
Opening file (1462)
Opening file (1463)
Opening file (1464)
Opening file (1465)
Opening file (1466)
Opening file (1467)
Opening file (1468)
Opening file (1469)
Opening file (1470)
Opening file (1471)
Opening file (1472)
Opening file (1473)
Opening file (1474)
Opening file (1475)
Opening file (1476)
Opening file (1477)
Opening file (1478)
Opening file (1479)
Opening file (1480)
Opening file (1481)
Opening file (1482)
Opening file (1483)
Opening file (1484)
Opening file (1485)
Opening file (1486)
Opening file (1487)
Opening file (1488)
Opening file (1489)
Opening file (1490)
Opening file (1491)
Opening file (1492)
Opening file (1493)
Opening file (1494)
Opening file (1495)
Opening file (1496)
Opening file (1497)
Opening file (1498)
Opening file (1499)
Opening file (1500)
Opening file (1501)
Opening file (1502)
Opening file (1503)
Opening file (1504)
Opening file (1505)
Opening file (1506)
Opening file (1507)
Opening file (1508)
Opening file (1509)
Opening file (1510)
Opening file (1511)
Opening file (1512)
Opening file (1513)
Opening file (1514)
Opening file (1515)
Opening file (1516)
Opening file (1517)
Opening file (1518)
Opening file (1519)
Opening file (1520)
Opening file (1521)
Opening file (1522)
Opening file (1523)
Opening file (1524)
Opening file (1525)
Opening file (1526)
Opening file (1527)
Opening file (1528)
Opening file (1529)
Opening file (1530)
Opening file (1531)
Opening file (1532)
Opening file (1533)
Opening file (1534)
Opening file (1535)
Opening file (1536)
Opening file (1537)
Opening file (1538)
Opening file (1539)
Opening file (1540)
Opening file (1541)
Opening file (1542)
Opening file (1543)
Opening file (1544)
Opening file (1545)
Opening file (1546)
Opening file (1547)
Opening file (1548)
Opening file (1549)
Opening file (1550)
Opening file (1551)
Opening file (1552)
Opening file (1553)
Opening file (1554)
Opening file (1555)
Opening file (1556)
Opening file (1557)
Opening file (1558)
Opening file (1559)
Opening file (1560)
Opening file (1561)
Opening file (1562)
Opening file (1563)
Opening file (1564)
Opening file (1565)
Opening file (1566)
Opening file (1567)
Opening file (1568)
Opening file (1569)
Opening file (1570)
Opening file (1571)
Opening file (1572)
Opening file (1573)
Opening file (1574)
Opening file (1575)
Opening file (1576)
Opening file (1577)
Opening file (1578)
Opening file (1579)
Opening file (1580)
Opening file (1581)
Opening file (1582)
Opening file (1583)
Opening file (1584)
Opening file (1585)
Opening file (1586)
Opening file (1587)
Opening file (1588)
Opening file (1589)
Opening file (1590)
Opening file (1591)
Opening file (1592)
Opening file (1593)
Opening file (1594)
Opening file (1595)
Opening file (1596)
Opening file (1597)
Opening file (1598)
Opening file (1599)
Opening file (1600)
Opening file (1601)
Opening file (1602)
Opening file (1603)
Opening file (1604)
Opening file (1605)
Opening file (1606)
Opening file (1607)
Opening file (1608)
Opening file (1609)
Opening file (1610)
Opening file (1611)
Opening file (1612)
Opening file (1613)
Opening file (1614)
Opening file (1615)
Opening file (1616)
Opening file (1617)
Opening file (1618)
Opening file (1619)
Opening file (1620)
Opening file (1621)
Opening file (1622)
Opening file (1623)
Opening file (1624)
Opening file (1625)
Opening file (1626)
Opening file (1627)
Opening file (1628)
Opening file (1629)
Opening file (1630)
Opening file (1631)
Opening file (1632)
Opening file (1633)
Opening file (1634)
Opening file (1635)
Opening file (1636)
Opening file (1637)
Opening file (1638)
Opening file (1639)
Opening file (1640)
Opening file (1641)
Opening file (1642)
Opening file (1643)
Opening file (1644)
Opening file (1645)
Opening file (1646)
Opening file (1647)
Opening file (1648)
Opening file (1649)
Opening file (1650)
Opening file (1651)
Opening file (1652)
Opening file (1653)
Opening file (1654)
Opening file (1655)
Opening file (1656)
Opening file (1657)
Opening file (1658)
Opening file (1659)
Opening file (1660)
Opening file (1661)
Opening file (1662)
Opening file (1663)
Opening file (1664)
Opening file (1665)
Opening file (1666)
Opening file (1667)
Opening file (1668)
Opening file (1669)
Opening file (1670)
Opening file (1671)
Opening file (1672)
Opening file (1673)
Opening file (1674)
Opening file (1675)
Opening file (1676)
Opening file (1677)
Opening file (1678)
Opening file (1679)
Opening file (1680)
Opening file (1681)
Opening file (1682)
Opening file (1683)
Opening file (1684)
Opening file (1685)
Opening file (1686)
Opening file (1687)
Opening file (1688)
Opening file (1689)
Opening file (1690)
Opening file (1691)
Opening file (1692)
Opening file (1693)
Opening file (1694)
Opening file (1695)
Opening file (1696)
Opening file (1697)
Opening file (1698)
Opening file (1699)
Opening file (1700)
Opening file (1701)
Opening file (1702)
Opening file (1703)
Opening file (1704)
Opening file (1705)
Opening file (1706)
Opening file (1707)
Opening file (1708)
Opening file (1709)
Opening file (1710)
Opening file (1711)
Opening file (1712)
Opening file (1713)
Opening file (1714)
Opening file (1715)
Opening file (1716)
Opening file (1717)
Opening file (1718)
Opening file (1719)
Opening file (1720)
Opening file (1721)
Opening file (1722)
Opening file (1723)
Opening file (1724)
Opening file (1725)
Opening file (1726)
Opening file (1727)
Opening file (1728)
Opening file (1729)
Opening file (1730)
Opening file (1731)
Opening file (1732)
Opening file (1733)
Opening file (1734)
Opening file (1735)
Opening file (1736)
Opening file (1737)
Opening file (1738)
Opening file (1739)
Opening file (1740)
Opening file (1741)
Opening file (1742)
Opening file (1743)
Opening file (1744)
Opening file (1745)
Opening file (1746)
Opening file (1747)
Opening file (1748)
Opening file (1749)
Opening file (1750)
Opening file (1751)
Opening file (1752)
Opening file (1753)
Opening file (1754)
Opening file (1755)
Opening file (1756)
Opening file (1757)
Opening file (1758)
Opening file (1759)
Opening file (1760)
Opening file (1761)
Opening file (1762)
Opening file (1763)
Opening file (1764)
Opening file (1765)
Opening file (1766)
Opening file (1767)
Opening file (1768)
Opening file (1769)
Opening file (1770)
Opening file (1771)
Opening file (1772)
Opening file (1773)
Opening file (1774)
Opening file (1775)
Opening file (1776)
Opening file (1777)
Opening file (1778)
Opening file (1779)
Opening file (1780)
Opening file (1781)
Opening file (1782)
Opening file (1783)
Opening file (1784)
Opening file (1785)
Opening file (1786)
Opening file (1787)
Opening file (1788)
Opening file (1789)
Opening file (1790)
Opening file (1791)
Opening file (1792)
Opening file (1793)
Opening file (1794)
Opening file (1795)
Opening file (1796)
Opening file (1797)
Opening file (1798)
Opening file (1799)
Opening file (1800)
Opening file (1801)
Opening file (1802)
Opening file (1803)
Opening file (1804)
Opening file (1805)
Opening file (1806)
Opening file (1807)
Opening file (1808)
Opening file (1809)
Opening file (1810)
Opening file (1811)
Opening file (1812)
Opening file (1813)
Opening file (1814)
Opening file (1815)
Opening file (1816)
Opening file (1817)
Opening file (1818)
Opening file (1819)
Opening file (1820)
Opening file (1821)
Opening file (1822)
Opening file (1823)
Opening file (1824)
Opening file (1825)
Opening file (1826)
Opening file (1827)
Opening file (1828)
Opening file (1829)
Opening file (1830)
Opening file (1831)
